Determining if the include file pthread.h exists failed with the following output:
Change Dir: C:/dev/3rdParty/libcurl/7.81.0/build/CMakeFiles/CMakeTmp

Run Build Command(s):C:/Program Files/Microsoft Visual Studio/2022/Professional/MSBuild/Current/Bin/amd64/MSBuild.exe cmTC_a69bb.vcxproj /p:Configuration=Debug /p:Platform=Win32 /p:VisualStudioVersion=17.0 /v:m && Microsoft (R) Build Engine version 17.1.0+ae57d105c for .NET Framework
Copyright (C) Microsoft Corporation. All rights reserved.

  Microsoft (R) C/C++ Optimizing Compiler Version 19.31.31107 for x86
  CheckIncludeFile.c
  Copyright (C) Microsoft Corporation.  All rights reserved.
  cl /c /Zi /W1 /WX- /diagnostics:column /Od /Ob0 /Oy- /D _MBCS /D WIN32 /D _WINDOWS /D _WIN32_WINNT=0x0600 /D _WINSOCKAPI_= /D "CMAKE_INTDIR=\"Debug\"" /Gm- /RTC1 /MDd /GS /fp:precise /Zc:wchar_t /Zc:forScope /Zc:inline /Fo"cmTC_a69bb.dir\Debug\\" /Fd"cmTC_a69bb.dir\Debug\vc143.pdb" /external:W1 /Gd /TC /analyze- /errorReport:queue C:\dev\3rdParty\libcurl\7.81.0\build\CMakeFiles\CMakeTmp\CheckIncludeFile.c
C:\dev\3rdParty\libcurl\7.81.0\build\CMakeFiles\CMakeTmp\CheckIncludeFile.c(1,10): fatal error C1083: Cannot open include file: 'pthread.h': No such file or directory [C:\dev\3rdParty\libcurl\7.81.0\build\CMakeFiles\CMakeTmp\cmTC_a69bb.vcxproj]



Determining if files ;winldap.h exist failed with the following output:
Change Dir: C:/dev/3rdParty/libcurl/7.81.0/build/CMakeFiles/CMakeTmp

Run Build Command(s):C:/Program Files/Microsoft Visual Studio/2022/Professional/MSBuild/Current/Bin/amd64/MSBuild.exe cmTC_4f37a.vcxproj /p:Configuration=Debug /p:Platform=Win32 /p:VisualStudioVersion=17.0 /v:m && Microsoft (R) Build Engine version 17.1.0+ae57d105c for .NET Framework
Copyright (C) Microsoft Corporation. All rights reserved.

  Microsoft (R) C/C++ Optimizing Compiler Version 19.31.31107 for x86
  Copyright (C) Microsoft Corporation.  All rights reserved.
  HAVE_WINLDAP_H.c
  cl /c /IC:\dev\3rdParty\OpenSSL\3.0.5\include /Zi /W1 /WX- /diagnostics:column /Od /Ob0 /Oy- /D _MBCS /D WIN32 /D _WINDOWS /D _WIN32_WINNT=0x0600 /D _WINSOCKAPI_= /D "CMAKE_INTDIR=\"Debug\"" /Gm- /RTC1 /MDd /GS /fp:precise /Zc:wchar_t /Zc:forScope /Zc:inline /Fo"cmTC_4f37a.dir\Debug\\" /Fd"cmTC_4f37a.dir\Debug\vc143.pdb" /external:W1 /Gd /TC /analyze- /errorReport:queue C:\dev\3rdParty\libcurl\7.81.0\build\CMakeFiles\CheckIncludeFiles\HAVE_WINLDAP_H.c
C:\Program Files (x86)\Windows Kits\10\Include\10.0.19041.0\um\winnt.h(173,1): fatal error C1189: #error:  "No Target Architecture" [C:\dev\3rdParty\libcurl\7.81.0\build\CMakeFiles\CMakeTmp\cmTC_4f37a.vcxproj]


Source:
/* */
#include <winldap.h>


int main(void){return 0;}

Determining if files ;winber.h exist failed with the following output:
Change Dir: C:/dev/3rdParty/libcurl/7.81.0/build/CMakeFiles/CMakeTmp

Run Build Command(s):C:/Program Files/Microsoft Visual Studio/2022/Professional/MSBuild/Current/Bin/amd64/MSBuild.exe cmTC_2a0ff.vcxproj /p:Configuration=Debug /p:Platform=Win32 /p:VisualStudioVersion=17.0 /v:m && Microsoft (R) Build Engine version 17.1.0+ae57d105c for .NET Framework
Copyright (C) Microsoft Corporation. All rights reserved.

  Microsoft (R) C/C++ Optimizing Compiler Version 19.31.31107 for x86
  Copyright (C) Microsoft Corporation.  All rights reserved.
  HAVE_WINBER_H.c
  cl /c /IC:\dev\3rdParty\OpenSSL\3.0.5\include /Zi /W1 /WX- /diagnostics:column /Od /Ob0 /Oy- /D _MBCS /D WIN32 /D _WINDOWS /D _WIN32_WINNT=0x0600 /D _WINSOCKAPI_= /D "CMAKE_INTDIR=\"Debug\"" /Gm- /RTC1 /MDd /GS /fp:precise /Zc:wchar_t /Zc:forScope /Zc:inline /Fo"cmTC_2a0ff.dir\Debug\\" /Fd"cmTC_2a0ff.dir\Debug\vc143.pdb" /external:W1 /Gd /TC /analyze- /errorReport:queue C:\dev\3rdParty\libcurl\7.81.0\build\CMakeFiles\CheckIncludeFiles\HAVE_WINBER_H.c
C:\Program Files (x86)\Windows Kits\10\Include\10.0.19041.0\um\winber.h(67,11): error C2061: syntax error: identifier 'BerElement' [C:\dev\3rdParty\libcurl\7.81.0\build\CMakeFiles\CMakeTmp\cmTC_2a0ff.vcxproj]
C:\Program Files (x86)\Windows Kits\10\Include\10.0.19041.0\um\winber.h(67,11): error C2059: syntax error: ';' [C:\dev\3rdParty\libcurl\7.81.0\build\CMakeFiles\CMakeTmp\cmTC_2a0ff.vcxproj]
C:\Program Files (x86)\Windows Kits\10\Include\10.0.19041.0\um\winber.h(67,48): error C2143: syntax error: missing ')' before '*' [C:\dev\3rdParty\libcurl\7.81.0\build\CMakeFiles\CMakeTmp\cmTC_2a0ff.vcxproj]
C:\Program Files (x86)\Windows Kits\10\Include\10.0.19041.0\um\winber.h(67,48): error C2143: syntax error: missing '{' before '*' [C:\dev\3rdParty\libcurl\7.81.0\build\CMakeFiles\CMakeTmp\cmTC_2a0ff.vcxproj]
C:\Program Files (x86)\Windows Kits\10\Include\10.0.19041.0\um\winber.h(67,57): error C2059: syntax error: ')' [C:\dev\3rdParty\libcurl\7.81.0\build\CMakeFiles\CMakeTmp\cmTC_2a0ff.vcxproj]
C:\Program Files (x86)\Windows Kits\10\Include\10.0.19041.0\um\winber.h(76,11): error C2061: syntax error: identifier 'VOID' [C:\dev\3rdParty\libcurl\7.81.0\build\CMakeFiles\CMakeTmp\cmTC_2a0ff.vcxproj]
C:\Program Files (x86)\Windows Kits\10\Include\10.0.19041.0\um\winber.h(76,11): error C2059: syntax error: ';' [C:\dev\3rdParty\libcurl\7.81.0\build\CMakeFiles\CMakeTmp\cmTC_2a0ff.vcxproj]
C:\Program Files (x86)\Windows Kits\10\Include\10.0.19041.0\um\winber.h(76,44): error C2143: syntax error: missing ')' before '*' [C:\dev\3rdParty\libcurl\7.81.0\build\CMakeFiles\CMakeTmp\cmTC_2a0ff.vcxproj]
C:\Program Files (x86)\Windows Kits\10\Include\10.0.19041.0\um\winber.h(76,44): error C2143: syntax error: missing '{' before '*' [C:\dev\3rdParty\libcurl\7.81.0\build\CMakeFiles\CMakeTmp\cmTC_2a0ff.vcxproj]
C:\Program Files (x86)\Windows Kits\10\Include\10.0.19041.0\um\winber.h(76,62): error C2146: syntax error: missing ';' before identifier 'fbuf' [C:\dev\3rdParty\libcurl\7.81.0\build\CMakeFiles\CMakeTmp\cmTC_2a0ff.vcxproj]
C:\Program Files (x86)\Windows Kits\10\Include\10.0.19041.0\um\winber.h(76,67): error C2059: syntax error: ')' [C:\dev\3rdParty\libcurl\7.81.0\build\CMakeFiles\CMakeTmp\cmTC_2a0ff.vcxproj]
C:\Program Files (x86)\Windows Kits\10\Include\10.0.19041.0\um\winber.h(84,11): error C2061: syntax error: identifier 'VOID' [C:\dev\3rdParty\libcurl\7.81.0\build\CMakeFiles\CMakeTmp\cmTC_2a0ff.vcxproj]
C:\Program Files (x86)\Windows Kits\10\Include\10.0.19041.0\um\winber.h(84,11): error C2059: syntax error: ';' [C:\dev\3rdParty\libcurl\7.81.0\build\CMakeFiles\CMakeTmp\cmTC_2a0ff.vcxproj]
C:\Program Files (x86)\Windows Kits\10\Include\10.0.19041.0\um\winber.h(84,42): error C2143: syntax error: missing ')' before '*' [C:\dev\3rdParty\libcurl\7.81.0\build\CMakeFiles\CMakeTmp\cmTC_2a0ff.vcxproj]
C:\Program Files (x86)\Windows Kits\10\Include\10.0.19041.0\um\winber.h(84,42): error C2143: syntax error: missing '{' before '*' [C:\dev\3rdParty\libcurl\7.81.0\build\CMakeFiles\CMakeTmp\cmTC_2a0ff.vcxproj]
C:\Program Files (x86)\Windows Kits\10\Include\10.0.19041.0\um\winber.h(84,51): error C2059: syntax error: ')' [C:\dev\3rdParty\libcurl\7.81.0\build\CMakeFiles\CMakeTmp\cmTC_2a0ff.vcxproj]
C:\Program Files (x86)\Windows Kits\10\Include\10.0.19041.0\um\winber.h(91,11): error C2061: syntax error: identifier 'VOID' [C:\dev\3rdParty\libcurl\7.81.0\build\CMakeFiles\CMakeTmp\cmTC_2a0ff.vcxproj]
C:\Program Files (x86)\Windows Kits\10\Include\10.0.19041.0\um\winber.h(91,11): error C2059: syntax error: ';' [C:\dev\3rdParty\libcurl\7.81.0\build\CMakeFiles\CMakeTmp\cmTC_2a0ff.vcxproj]
C:\Program Files (x86)\Windows Kits\10\Include\10.0.19041.0\um\winber.h(91,45): error C2143: syntax error: missing ')' before '*' [C:\dev\3rdParty\libcurl\7.81.0\build\CMakeFiles\CMakeTmp\cmTC_2a0ff.vcxproj]
C:\Program Files (x86)\Windows Kits\10\Include\10.0.19041.0\um\winber.h(91,45): error C2143: syntax error: missing '{' before '*' [C:\dev\3rdParty\libcurl\7.81.0\build\CMakeFiles\CMakeTmp\cmTC_2a0ff.vcxproj]
C:\Program Files (x86)\Windows Kits\10\Include\10.0.19041.0\um\winber.h(91,54): error C2059: syntax error: ')' [C:\dev\3rdParty\libcurl\7.81.0\build\CMakeFiles\CMakeTmp\cmTC_2a0ff.vcxproj]
C:\Program Files (x86)\Windows Kits\10\Include\10.0.19041.0\um\winber.h(97,11): error C2061: syntax error: identifier 'BERVAL' [C:\dev\3rdParty\libcurl\7.81.0\build\CMakeFiles\CMakeTmp\cmTC_2a0ff.vcxproj]
C:\Program Files (x86)\Windows Kits\10\Include\10.0.19041.0\um\winber.h(97,11): error C2059: syntax error: ';' [C:\dev\3rdParty\libcurl\7.81.0\build\CMakeFiles\CMakeTmp\cmTC_2a0ff.vcxproj]
C:\Program Files (x86)\Windows Kits\10\Include\10.0.19041.0\um\winber.h(97,45): error C2143: syntax error: missing ')' before '*' [C:\dev\3rdParty\libcurl\7.81.0\build\CMakeFiles\CMakeTmp\cmTC_2a0ff.vcxproj]
C:\Program Files (x86)\Windows Kits\10\Include\10.0.19041.0\um\winber.h(97,45): error C2143: syntax error: missing '{' before '*' [C:\dev\3rdParty\libcurl\7.81.0\build\CMakeFiles\CMakeTmp\cmTC_2a0ff.vcxproj]
C:\Program Files (x86)\Windows Kits\10\Include\10.0.19041.0\um\winber.h(97,54): error C2059: syntax error: ')' [C:\dev\3rdParty\libcurl\7.81.0\build\CMakeFiles\CMakeTmp\cmTC_2a0ff.vcxproj]
C:\Program Files (x86)\Windows Kits\10\Include\10.0.19041.0\um\winber.h(108,11): error C2061: syntax error: identifier 'BerElement' [C:\dev\3rdParty\libcurl\7.81.0\build\CMakeFiles\CMakeTmp\cmTC_2a0ff.vcxproj]
C:\Program Files (x86)\Windows Kits\10\Include\10.0.19041.0\um\winber.h(108,11): error C2059: syntax error: ';' [C:\dev\3rdParty\libcurl\7.81.0\build\CMakeFiles\CMakeTmp\cmTC_2a0ff.vcxproj]
C:\Program Files (x86)\Windows Kits\10\Include\10.0.19041.0\um\winber.h(108,48): error C2146: syntax error: missing ')' before identifier 'options' [C:\dev\3rdParty\libcurl\7.81.0\build\CMakeFiles\CMakeTmp\cmTC_2a0ff.vcxproj]
C:\Program Files (x86)\Windows Kits\10\Include\10.0.19041.0\um\winber.h(108,48): error C2061: syntax error: identifier 'options' [C:\dev\3rdParty\libcurl\7.81.0\build\CMakeFiles\CMakeTmp\cmTC_2a0ff.vcxproj]
C:\Program Files (x86)\Windows Kits\10\Include\10.0.19041.0\um\winber.h(108,48): error C2059: syntax error: ';' [C:\dev\3rdParty\libcurl\7.81.0\build\CMakeFiles\CMakeTmp\cmTC_2a0ff.vcxproj]
C:\Program Files (x86)\Windows Kits\10\Include\10.0.19041.0\um\winber.h(108,56): error C2059: syntax error: ')' [C:\dev\3rdParty\libcurl\7.81.0\build\CMakeFiles\CMakeTmp\cmTC_2a0ff.vcxproj]
C:\Program Files (x86)\Windows Kits\10\Include\10.0.19041.0\um\winber.h(124,11): error C2061: syntax error: identifier 'ULONG' [C:\dev\3rdParty\libcurl\7.81.0\build\CMakeFiles\CMakeTmp\cmTC_2a0ff.vcxproj]
C:\Program Files (x86)\Windows Kits\10\Include\10.0.19041.0\um\winber.h(124,11): error C2059: syntax error: ';' [C:\dev\3rdParty\libcurl\7.81.0\build\CMakeFiles\CMakeTmp\cmTC_2a0ff.vcxproj]
C:\Program Files (x86)\Windows Kits\10\Include\10.0.19041.0\um\winber.h(124,49): error C2143: syntax error: missing ')' before '*' [C:\dev\3rdParty\libcurl\7.81.0\build\CMakeFiles\CMakeTmp\cmTC_2a0ff.vcxproj]
C:\Program Files (x86)\Windows Kits\10\Include\10.0.19041.0\um\winber.h(124,49): error C2143: syntax error: missing '{' before '*' [C:\dev\3rdParty\libcurl\7.81.0\build\CMakeFiles\CMakeTmp\cmTC_2a0ff.vcxproj]
C:\Program Files (x86)\Windows Kits\10\Include\10.0.19041.0\um\winber.h(124,69): error C2143: syntax error: missing ';' before '*' [C:\dev\3rdParty\libcurl\7.81.0\build\CMakeFiles\CMakeTmp\cmTC_2a0ff.vcxproj]
C:\Program Files (x86)\Windows Kits\10\Include\10.0.19041.0\um\winber.h(124,75): error C2059: syntax error: ')' [C:\dev\3rdParty\libcurl\7.81.0\build\CMakeFiles\CMakeTmp\cmTC_2a0ff.vcxproj]
C:\Program Files (x86)\Windows Kits\10\Include\10.0.19041.0\um\winber.h(135,11): error C2061: syntax error: identifier 'ULONG' [C:\dev\3rdParty\libcurl\7.81.0\build\CMakeFiles\CMakeTmp\cmTC_2a0ff.vcxproj]
C:\Program Files (x86)\Windows Kits\10\Include\10.0.19041.0\um\winber.h(135,11): error C2059: syntax error: ';' [C:\dev\3rdParty\libcurl\7.81.0\build\CMakeFiles\CMakeTmp\cmTC_2a0ff.vcxproj]
C:\Program Files (x86)\Windows Kits\10\Include\10.0.19041.0\um\winber.h(135,49): error C2143: syntax error: missing ')' before '*' [C:\dev\3rdParty\libcurl\7.81.0\build\CMakeFiles\CMakeTmp\cmTC_2a0ff.vcxproj]
C:\Program Files (x86)\Windows Kits\10\Include\10.0.19041.0\um\winber.h(135,49): error C2143: syntax error: missing '{' before '*' [C:\dev\3rdParty\libcurl\7.81.0\build\CMakeFiles\CMakeTmp\cmTC_2a0ff.vcxproj]
C:\Program Files (x86)\Windows Kits\10\Include\10.0.19041.0\um\winber.h(135,69): error C2143: syntax error: missing ';' before '*' [C:\dev\3rdParty\libcurl\7.81.0\build\CMakeFiles\CMakeTmp\cmTC_2a0ff.vcxproj]
C:\Program Files (x86)\Windows Kits\10\Include\10.0.19041.0\um\winber.h(135,74): error C2059: syntax error: ')' [C:\dev\3rdParty\libcurl\7.81.0\build\CMakeFiles\CMakeTmp\cmTC_2a0ff.vcxproj]
C:\Program Files (x86)\Windows Kits\10\Include\10.0.19041.0\um\winber.h(146,11): error C2061: syntax error: identifier 'ULONG' [C:\dev\3rdParty\libcurl\7.81.0\build\CMakeFiles\CMakeTmp\cmTC_2a0ff.vcxproj]
C:\Program Files (x86)\Windows Kits\10\Include\10.0.19041.0\um\winber.h(146,11): error C2059: syntax error: ';' [C:\dev\3rdParty\libcurl\7.81.0\build\CMakeFiles\CMakeTmp\cmTC_2a0ff.vcxproj]
C:\Program Files (x86)\Windows Kits\10\Include\10.0.19041.0\um\winber.h(146,54): error C2143: syntax error: missing ')' before '*' [C:\dev\3rdParty\libcurl\7.81.0\build\CMakeFiles\CMakeTmp\cmTC_2a0ff.vcxproj]
C:\Program Files (x86)\Windows Kits\10\Include\10.0.19041.0\um\winber.h(146,54): error C2143: syntax error: missing '{' before '*' [C:\dev\3rdParty\libcurl\7.81.0\build\CMakeFiles\CMakeTmp\cmTC_2a0ff.vcxproj]
C:\Program Files (x86)\Windows Kits\10\Include\10.0.19041.0\um\winber.h(146,74): error C2143: syntax error: missing ';' before '*' [C:\dev\3rdParty\libcurl\7.81.0\build\CMakeFiles\CMakeTmp\cmTC_2a0ff.vcxproj]
C:\Program Files (x86)\Windows Kits\10\Include\10.0.19041.0\um\winber.h(146,87): error C2146: syntax error: missing ';' before identifier 'CHAR' [C:\dev\3rdParty\libcurl\7.81.0\build\CMakeFiles\CMakeTmp\cmTC_2a0ff.vcxproj]
C:\Program Files (x86)\Windows Kits\10\Include\10.0.19041.0\um\winber.h(146,92): error C2143: syntax error: missing '{' before '*' [C:\dev\3rdParty\libcurl\7.81.0\build\CMakeFiles\CMakeTmp\cmTC_2a0ff.vcxproj]
C:\Program Files (x86)\Windows Kits\10\Include\10.0.19041.0\um\winber.h(146,103): error C2059: syntax error: ')' [C:\dev\3rdParty\libcurl\7.81.0\build\CMakeFiles\CMakeTmp\cmTC_2a0ff.vcxproj]
C:\Program Files (x86)\Windows Kits\10\Include\10.0.19041.0\um\winber.h(156,11): error C2061: syntax error: identifier 'ULONG' [C:\dev\3rdParty\libcurl\7.81.0\build\CMakeFiles\CMakeTmp\cmTC_2a0ff.vcxproj]
C:\Program Files (x86)\Windows Kits\10\Include\10.0.19041.0\um\winber.h(156,11): error C2059: syntax error: ';' [C:\dev\3rdParty\libcurl\7.81.0\build\CMakeFiles\CMakeTmp\cmTC_2a0ff.vcxproj]
C:\Program Files (x86)\Windows Kits\10\Include\10.0.19041.0\um\winber.h(156,53): error C2143: syntax error: missing ')' before '*' [C:\dev\3rdParty\libcurl\7.81.0\build\CMakeFiles\CMakeTmp\cmTC_2a0ff.vcxproj]
C:\Program Files (x86)\Windows Kits\10\Include\10.0.19041.0\um\winber.h(156,53): error C2143: syntax error: missing '{' before '*' [C:\dev\3rdParty\libcurl\7.81.0\build\CMakeFiles\CMakeTmp\cmTC_2a0ff.vcxproj]
C:\Program Files (x86)\Windows Kits\10\Include\10.0.19041.0\um\winber.h(156,73): error C2143: syntax error: missing ';' before '*' [C:\dev\3rdParty\libcurl\7.81.0\build\CMakeFiles\CMakeTmp\cmTC_2a0ff.vcxproj]
C:\Program Files (x86)\Windows Kits\10\Include\10.0.19041.0\um\winber.h(156,85): error C2146: syntax error: missing ';' before identifier 'CHAR' [C:\dev\3rdParty\libcurl\7.81.0\build\CMakeFiles\CMakeTmp\cmTC_2a0ff.vcxproj]
C:\Program Files (x86)\Windows Kits\10\Include\10.0.19041.0\um\winber.h(156,90): error C2143: syntax error: missing '{' before '*' [C:\dev\3rdParty\libcurl\7.81.0\build\CMakeFiles\CMakeTmp\cmTC_2a0ff.vcxproj]
C:\Program Files (x86)\Windows Kits\10\Include\10.0.19041.0\um\winber.h(156,98): error C2059: syntax error: ')' [C:\dev\3rdParty\libcurl\7.81.0\build\CMakeFiles\CMakeTmp\cmTC_2a0ff.vcxproj]
C:\Program Files (x86)\Windows Kits\10\Include\10.0.19041.0\um\winber.h(165,11): error C2061: syntax error: identifier 'INT' [C:\dev\3rdParty\libcurl\7.81.0\build\CMakeFiles\CMakeTmp\cmTC_2a0ff.vcxproj]
C:\Program Files (x86)\Windows Kits\10\Include\10.0.19041.0\um\winber.h(165,11): error C2059: syntax error: ';' [C:\dev\3rdParty\libcurl\7.81.0\build\CMakeFiles\CMakeTmp\cmTC_2a0ff.vcxproj]
C:\Program Files (x86)\Windows Kits\10\Include\10.0.19041.0\um\winber.h(165,46): error C2143: syntax error: missing ')' before '*' [C:\dev\3rdParty\libcurl\7.81.0\build\CMakeFiles\CMakeTmp\cmTC_2a0ff.vcxproj]
C:\Program Files (x86)\Windows Kits\10\Include\10.0.19041.0\um\winber.h(165,46): error C2143: syntax error: missing '{' before '*' [C:\dev\3rdParty\libcurl\7.81.0\build\CMakeFiles\CMakeTmp\cmTC_2a0ff.vcxproj]
C:\Program Files (x86)\Windows Kits\10\Include\10.0.19041.0\um\winber.h(165,68): error C2143: syntax error: missing ';' before '*' [C:\dev\3rdParty\libcurl\7.81.0\build\CMakeFiles\CMakeTmp\cmTC_2a0ff.vcxproj]
C:\Program Files (x86)\Windows Kits\10\Include\10.0.19041.0\um\winber.h(165,77): error C2059: syntax error: ')' [C:\dev\3rdParty\libcurl\7.81.0\build\CMakeFiles\CMakeTmp\cmTC_2a0ff.vcxproj]
C:\Program Files (x86)\Windows Kits\10\Include\10.0.19041.0\um\winber.h(248,11): error C2061: syntax error: identifier 'INT' [C:\dev\3rdParty\libcurl\7.81.0\build\CMakeFiles\CMakeTmp\cmTC_2a0ff.vcxproj]
C:\Program Files (x86)\Windows Kits\10\Include\10.0.19041.0\um\winber.h(248,11): error C2059: syntax error: ';' [C:\dev\3rdParty\libcurl\7.81.0\build\CMakeFiles\CMakeTmp\cmTC_2a0ff.vcxproj]
C:\Program Files (x86)\Windows Kits\10\Include\10.0.19041.0\um\winber.h(248,45): error C2143: syntax error: missing ')' before '*' [C:\dev\3rdParty\libcurl\7.81.0\build\CMakeFiles\CMakeTmp\cmTC_2a0ff.vcxproj]
C:\Program Files (x86)\Windows Kits\10\Include\10.0.19041.0\um\winber.h(248,45): error C2143: syntax error: missing '{' before '*' [C:\dev\3rdParty\libcurl\7.81.0\build\CMakeFiles\CMakeTmp\cmTC_2a0ff.vcxproj]
C:\Program Files (x86)\Windows Kits\10\Include\10.0.19041.0\um\winber.h(248,64): error C2146: syntax error: missing ';' before identifier 'PSTR' [C:\dev\3rdParty\libcurl\7.81.0\build\CMakeFiles\CMakeTmp\cmTC_2a0ff.vcxproj]
C:\Program Files (x86)\Windows Kits\10\Include\10.0.19041.0\um\winber.h(248,69): error C2061: syntax error: identifier 'fmt' [C:\dev\3rdParty\libcurl\7.81.0\build\CMakeFiles\CMakeTmp\cmTC_2a0ff.vcxproj]
C:\Program Files (x86)\Windows Kits\10\Include\10.0.19041.0\um\winber.h(248,69): error C2059: syntax error: ';' [C:\dev\3rdParty\libcurl\7.81.0\build\CMakeFiles\CMakeTmp\cmTC_2a0ff.vcxproj]
C:\Program Files (x86)\Windows Kits\10\Include\10.0.19041.0\um\winber.h(248,72): error C2059: syntax error: ',' [C:\dev\3rdParty\libcurl\7.81.0\build\CMakeFiles\CMakeTmp\cmTC_2a0ff.vcxproj]
C:\Program Files (x86)\Windows Kits\10\Include\10.0.19041.0\um\winber.h(248,78): error C2059: syntax error: ')' [C:\dev\3rdParty\libcurl\7.81.0\build\CMakeFiles\CMakeTmp\cmTC_2a0ff.vcxproj]
C:\Program Files (x86)\Windows Kits\10\Include\10.0.19041.0\um\winber.h(340,11): error C2061: syntax error: identifier 'ULONG' [C:\dev\3rdParty\libcurl\7.81.0\build\CMakeFiles\CMakeTmp\cmTC_2a0ff.vcxproj]
C:\Program Files (x86)\Windows Kits\10\Include\10.0.19041.0\um\winber.h(340,11): error C2059: syntax error: ';' [C:\dev\3rdParty\libcurl\7.81.0\build\CMakeFiles\CMakeTmp\cmTC_2a0ff.vcxproj]
C:\Program Files (x86)\Windows Kits\10\Include\10.0.19041.0\um\winber.h(340,46): error C2143: syntax error: missing ')' before '*' [C:\dev\3rdParty\libcurl\7.81.0\build\CMakeFiles\CMakeTmp\cmTC_2a0ff.vcxproj]
C:\Program Files (x86)\Windows Kits\10\Include\10.0.19041.0\um\winber.h(340,46): error C2143: syntax error: missing '{' before '*' [C:\dev\3rdParty\libcurl\7.81.0\build\CMakeFiles\CMakeTmp\cmTC_2a0ff.vcxproj]
C:\Program Files (x86)\Windows Kits\10\Include\10.0.19041.0\um\winber.h(340,65): error C2146: syntax error: missing ';' before identifier 'PSTR' [C:\dev\3rdParty\libcurl\7.81.0\build\CMakeFiles\CMakeTmp\cmTC_2a0ff.vcxproj]
C:\Program Files (x86)\Windows Kits\10\Include\10.0.19041.0\um\winber.h(340,70): error C2061: syntax error: identifier 'fmt' [C:\dev\3rdParty\libcurl\7.81.0\build\CMakeFiles\CMakeTmp\cmTC_2a0ff.vcxproj]
C:\Program Files (x86)\Windows Kits\10\Include\10.0.19041.0\um\winber.h(340,70): error C2059: syntax error: ';' [C:\dev\3rdParty\libcurl\7.81.0\build\CMakeFiles\CMakeTmp\cmTC_2a0ff.vcxproj]
C:\Program Files (x86)\Windows Kits\10\Include\10.0.19041.0\um\winber.h(340,73): error C2059: syntax error: ',' [C:\dev\3rdParty\libcurl\7.81.0\build\CMakeFiles\CMakeTmp\cmTC_2a0ff.vcxproj]
C:\Program Files (x86)\Windows Kits\10\Include\10.0.19041.0\um\winber.h(340,79): error C2059: syntax error: ')' [C:\dev\3rdParty\libcurl\7.81.0\build\CMakeFiles\CMakeTmp\cmTC_2a0ff.vcxproj]


Source:
/* */
#include <winber.h>


int main(void){return 0;}

Determining if files ;ldap_ssl.h exist failed with the following output:
Change Dir: C:/dev/3rdParty/libcurl/7.81.0/build/CMakeFiles/CMakeTmp

Run Build Command(s):C:/Program Files/Microsoft Visual Studio/2022/Professional/MSBuild/Current/Bin/amd64/MSBuild.exe cmTC_7fd82.vcxproj /p:Configuration=Debug /p:Platform=Win32 /p:VisualStudioVersion=17.0 /v:m && Microsoft (R) Build Engine version 17.1.0+ae57d105c for .NET Framework
Copyright (C) Microsoft Corporation. All rights reserved.

  Microsoft (R) C/C++ Optimizing Compiler Version 19.31.31107 for x86
  HAVE_LDAP_SSL_H.c
  Copyright (C) Microsoft Corporation.  All rights reserved.
  cl /c /IC:\dev\3rdParty\OpenSSL\3.0.5\include /Zi /W1 /WX- /diagnostics:column /Od /Ob0 /Oy- /D _MBCS /D WIN32 /D _WINDOWS /D _WIN32_WINNT=0x0600 /D _WINSOCKAPI_= /D "CMAKE_INTDIR=\"Debug\"" /Gm- /RTC1 /MDd /GS /fp:precise /Zc:wchar_t /Zc:forScope /Zc:inline /Fo"cmTC_7fd82.dir\Debug\\" /Fd"cmTC_7fd82.dir\Debug\vc143.pdb" /external:W1 /Gd /TC /analyze- /errorReport:queue C:\dev\3rdParty\libcurl\7.81.0\build\CMakeFiles\CheckIncludeFiles\HAVE_LDAP_SSL_H.c
C:\dev\3rdParty\libcurl\7.81.0\build\CMakeFiles\CheckIncludeFiles\HAVE_LDAP_SSL_H.c(2,10): fatal error C1083: Cannot open include file: 'ldap_ssl.h': No such file or directory [C:\dev\3rdParty\libcurl\7.81.0\build\CMakeFiles\CMakeTmp\cmTC_7fd82.vcxproj]


Source:
/* */
#include <ldap_ssl.h>


int main(void){return 0;}

Determining if files ;ldapssl.h exist failed with the following output:
Change Dir: C:/dev/3rdParty/libcurl/7.81.0/build/CMakeFiles/CMakeTmp

Run Build Command(s):C:/Program Files/Microsoft Visual Studio/2022/Professional/MSBuild/Current/Bin/amd64/MSBuild.exe cmTC_59127.vcxproj /p:Configuration=Debug /p:Platform=Win32 /p:VisualStudioVersion=17.0 /v:m && Microsoft (R) Build Engine version 17.1.0+ae57d105c for .NET Framework
Copyright (C) Microsoft Corporation. All rights reserved.

  Microsoft (R) C/C++ Optimizing Compiler Version 19.31.31107 for x86
  HAVE_LDAPSSL_H.c
  Copyright (C) Microsoft Corporation.  All rights reserved.
  cl /c /IC:\dev\3rdParty\OpenSSL\3.0.5\include /Zi /W1 /WX- /diagnostics:column /Od /Ob0 /Oy- /D _MBCS /D WIN32 /D _WINDOWS /D _WIN32_WINNT=0x0600 /D _WINSOCKAPI_= /D "CMAKE_INTDIR=\"Debug\"" /Gm- /RTC1 /MDd /GS /fp:precise /Zc:wchar_t /Zc:forScope /Zc:inline /Fo"cmTC_59127.dir\Debug\\" /Fd"cmTC_59127.dir\Debug\vc143.pdb" /external:W1 /Gd /TC /analyze- /errorReport:queue C:\dev\3rdParty\libcurl\7.81.0\build\CMakeFiles\CheckIncludeFiles\HAVE_LDAPSSL_H.c
C:\dev\3rdParty\libcurl\7.81.0\build\CMakeFiles\CheckIncludeFiles\HAVE_LDAPSSL_H.c(2,10): fatal error C1083: Cannot open include file: 'ldapssl.h': No such file or directory [C:\dev\3rdParty\libcurl\7.81.0\build\CMakeFiles\CMakeTmp\cmTC_59127.vcxproj]


Source:
/* */
#include <ldapssl.h>


int main(void){return 0;}

Determining if files C:/dev/3rdParty/libssh2/1.10.0.0/include/libssh2.h;windows.h;ws2tcpip.h;winsock2.h;wincrypt.h;stdio.h;sys/filio.h exist failed with the following output:
Change Dir: C:/dev/3rdParty/libcurl/7.81.0/build/CMakeFiles/CMakeTmp

Run Build Command(s):C:/Program Files/Microsoft Visual Studio/2022/Professional/MSBuild/Current/Bin/amd64/MSBuild.exe cmTC_f2445.vcxproj /p:Configuration=Debug /p:Platform=Win32 /p:VisualStudioVersion=17.0 /v:m && Microsoft (R) Build Engine version 17.1.0+ae57d105c for .NET Framework
Copyright (C) Microsoft Corporation. All rights reserved.

  Microsoft (R) C/C++ Optimizing Compiler Version 19.31.31107 for x86
  Copyright (C) Microsoft Corporation.  All rights reserved.
  HAVE_SYS_FILIO_H.c
  cl /c /IC:\dev\3rdParty\OpenSSL\3.0.5\include /IC:\dev\3rdParty\libssh2\1.10.0.0\include /Zi /W1 /WX- /diagnostics:column /Od /Ob0 /Oy- /D _MBCS /D WIN32 /D _WINDOWS /D _WIN32_WINNT=0x0600 /D _WINSOCKAPI_= /D "CMAKE_INTDIR=\"Debug\"" /Gm- /RTC1 /MDd /GS /fp:precise /Zc:wchar_t /Zc:forScope /Zc:inline /Fo"cmTC_f2445.dir\Debug\\" /Fd"cmTC_f2445.dir\Debug\vc143.pdb" /external:W1 /Gd /TC /analyze- /errorReport:queue C:\dev\3rdParty\libcurl\7.81.0\build\CMakeFiles\CheckIncludeFiles\HAVE_SYS_FILIO_H.c
C:\dev\3rdParty\libcurl\7.81.0\build\CMakeFiles\CheckIncludeFiles\HAVE_SYS_FILIO_H.c(8,10): fatal error C1083: Cannot open include file: 'sys/filio.h': No such file or directory [C:\dev\3rdParty\libcurl\7.81.0\build\CMakeFiles\CMakeTmp\cmTC_f2445.vcxproj]


Source:
/* */
#include <C:/dev/3rdParty/libssh2/1.10.0.0/include/libssh2.h>
#include <windows.h>
#include <ws2tcpip.h>
#include <winsock2.h>
#include <wincrypt.h>
#include <stdio.h>
#include <sys/filio.h>


int main(void){return 0;}

Determining if files C:/dev/3rdParty/libssh2/1.10.0.0/include/libssh2.h;windows.h;ws2tcpip.h;winsock2.h;wincrypt.h;stdio.h;sys/ioctl.h exist failed with the following output:
Change Dir: C:/dev/3rdParty/libcurl/7.81.0/build/CMakeFiles/CMakeTmp

Run Build Command(s):C:/Program Files/Microsoft Visual Studio/2022/Professional/MSBuild/Current/Bin/amd64/MSBuild.exe cmTC_040e6.vcxproj /p:Configuration=Debug /p:Platform=Win32 /p:VisualStudioVersion=17.0 /v:m && Microsoft (R) Build Engine version 17.1.0+ae57d105c for .NET Framework
Copyright (C) Microsoft Corporation. All rights reserved.

  Microsoft (R) C/C++ Optimizing Compiler Version 19.31.31107 for x86
  Copyright (C) Microsoft Corporation.  All rights reserved.
  HAVE_SYS_IOCTL_H.c
  cl /c /IC:\dev\3rdParty\OpenSSL\3.0.5\include /IC:\dev\3rdParty\libssh2\1.10.0.0\include /Zi /W1 /WX- /diagnostics:column /Od /Ob0 /Oy- /D _MBCS /D WIN32 /D _WINDOWS /D _WIN32_WINNT=0x0600 /D _WINSOCKAPI_= /D "CMAKE_INTDIR=\"Debug\"" /Gm- /RTC1 /MDd /GS /fp:precise /Zc:wchar_t /Zc:forScope /Zc:inline /Fo"cmTC_040e6.dir\Debug\\" /Fd"cmTC_040e6.dir\Debug\vc143.pdb" /external:W1 /Gd /TC /analyze- /errorReport:queue C:\dev\3rdParty\libcurl\7.81.0\build\CMakeFiles\CheckIncludeFiles\HAVE_SYS_IOCTL_H.c
C:\dev\3rdParty\libcurl\7.81.0\build\CMakeFiles\CheckIncludeFiles\HAVE_SYS_IOCTL_H.c(8,10): fatal error C1083: Cannot open include file: 'sys/ioctl.h': No such file or directory [C:\dev\3rdParty\libcurl\7.81.0\build\CMakeFiles\CMakeTmp\cmTC_040e6.vcxproj]


Source:
/* */
#include <C:/dev/3rdParty/libssh2/1.10.0.0/include/libssh2.h>
#include <windows.h>
#include <ws2tcpip.h>
#include <winsock2.h>
#include <wincrypt.h>
#include <stdio.h>
#include <sys/ioctl.h>


int main(void){return 0;}

Determining if files C:/dev/3rdParty/libssh2/1.10.0.0/include/libssh2.h;windows.h;ws2tcpip.h;winsock2.h;wincrypt.h;stdio.h;sys/resource.h exist failed with the following output:
Change Dir: C:/dev/3rdParty/libcurl/7.81.0/build/CMakeFiles/CMakeTmp

Run Build Command(s):C:/Program Files/Microsoft Visual Studio/2022/Professional/MSBuild/Current/Bin/amd64/MSBuild.exe cmTC_b3acb.vcxproj /p:Configuration=Debug /p:Platform=Win32 /p:VisualStudioVersion=17.0 /v:m && Microsoft (R) Build Engine version 17.1.0+ae57d105c for .NET Framework
Copyright (C) Microsoft Corporation. All rights reserved.

  Microsoft (R) C/C++ Optimizing Compiler Version 19.31.31107 for x86
  HAVE_SYS_RESOURCE_H.c
  Copyright (C) Microsoft Corporation.  All rights reserved.
  cl /c /IC:\dev\3rdParty\OpenSSL\3.0.5\include /IC:\dev\3rdParty\libssh2\1.10.0.0\include /Zi /W1 /WX- /diagnostics:column /Od /Ob0 /Oy- /D _MBCS /D WIN32 /D _WINDOWS /D _WIN32_WINNT=0x0600 /D _WINSOCKAPI_= /D "CMAKE_INTDIR=\"Debug\"" /Gm- /RTC1 /MDd /GS /fp:precise /Zc:wchar_t /Zc:forScope /Zc:inline /Fo"cmTC_b3acb.dir\Debug\\" /Fd"cmTC_b3acb.dir\Debug\vc143.pdb" /external:W1 /Gd /TC /analyze- /errorReport:queue C:\dev\3rdParty\libcurl\7.81.0\build\CMakeFiles\CheckIncludeFiles\HAVE_SYS_RESOURCE_H.c
C:\dev\3rdParty\libcurl\7.81.0\build\CMakeFiles\CheckIncludeFiles\HAVE_SYS_RESOURCE_H.c(8,10): fatal error C1083: Cannot open include file: 'sys/resource.h': No such file or directory [C:\dev\3rdParty\libcurl\7.81.0\build\CMakeFiles\CMakeTmp\cmTC_b3acb.vcxproj]


Source:
/* */
#include <C:/dev/3rdParty/libssh2/1.10.0.0/include/libssh2.h>
#include <windows.h>
#include <ws2tcpip.h>
#include <winsock2.h>
#include <wincrypt.h>
#include <stdio.h>
#include <sys/resource.h>


int main(void){return 0;}

Determining if files C:/dev/3rdParty/libssh2/1.10.0.0/include/libssh2.h;windows.h;ws2tcpip.h;winsock2.h;wincrypt.h;stdio.h;sys/stat.h;sys/types.h;sys/uio.h exist failed with the following output:
Change Dir: C:/dev/3rdParty/libcurl/7.81.0/build/CMakeFiles/CMakeTmp

Run Build Command(s):C:/Program Files/Microsoft Visual Studio/2022/Professional/MSBuild/Current/Bin/amd64/MSBuild.exe cmTC_8a5bd.vcxproj /p:Configuration=Debug /p:Platform=Win32 /p:VisualStudioVersion=17.0 /v:m && Microsoft (R) Build Engine version 17.1.0+ae57d105c for .NET Framework
Copyright (C) Microsoft Corporation. All rights reserved.

  Microsoft (R) C/C++ Optimizing Compiler Version 19.31.31107 for x86
  HAVE_SYS_UIO_H.c
  Copyright (C) Microsoft Corporation.  All rights reserved.
  cl /c /IC:\dev\3rdParty\OpenSSL\3.0.5\include /IC:\dev\3rdParty\libssh2\1.10.0.0\include /Zi /W1 /WX- /diagnostics:column /Od /Ob0 /Oy- /D _MBCS /D WIN32 /D _WINDOWS /D _WIN32_WINNT=0x0600 /D _WINSOCKAPI_= /D "CMAKE_INTDIR=\"Debug\"" /Gm- /RTC1 /MDd /GS /fp:precise /Zc:wchar_t /Zc:forScope /Zc:inline /Fo"cmTC_8a5bd.dir\Debug\\" /Fd"cmTC_8a5bd.dir\Debug\vc143.pdb" /external:W1 /Gd /TC /analyze- /errorReport:queue C:\dev\3rdParty\libcurl\7.81.0\build\CMakeFiles\CheckIncludeFiles\HAVE_SYS_UIO_H.c
C:\dev\3rdParty\libcurl\7.81.0\build\CMakeFiles\CheckIncludeFiles\HAVE_SYS_UIO_H.c(10,10): fatal error C1083: Cannot open include file: 'sys/uio.h': No such file or directory [C:\dev\3rdParty\libcurl\7.81.0\build\CMakeFiles\CMakeTmp\cmTC_8a5bd.vcxproj]


Source:
/* */
#include <C:/dev/3rdParty/libssh2/1.10.0.0/include/libssh2.h>
#include <windows.h>
#include <ws2tcpip.h>
#include <winsock2.h>
#include <wincrypt.h>
#include <stdio.h>
#include <sys/stat.h>
#include <sys/types.h>
#include <sys/uio.h>


int main(void){return 0;}

Determining if files C:/dev/3rdParty/libssh2/1.10.0.0/include/libssh2.h;windows.h;ws2tcpip.h;winsock2.h;wincrypt.h;stdio.h;sys/stat.h;sys/types.h;sys/un.h exist failed with the following output:
Change Dir: C:/dev/3rdParty/libcurl/7.81.0/build/CMakeFiles/CMakeTmp

Run Build Command(s):C:/Program Files/Microsoft Visual Studio/2022/Professional/MSBuild/Current/Bin/amd64/MSBuild.exe cmTC_d440f.vcxproj /p:Configuration=Debug /p:Platform=Win32 /p:VisualStudioVersion=17.0 /v:m && Microsoft (R) Build Engine version 17.1.0+ae57d105c for .NET Framework
Copyright (C) Microsoft Corporation. All rights reserved.

  Microsoft (R) C/C++ Optimizing Compiler Version 19.31.31107 for x86
  HAVE_SYS_UN_H.c
  Copyright (C) Microsoft Corporation.  All rights reserved.
  cl /c /IC:\dev\3rdParty\OpenSSL\3.0.5\include /IC:\dev\3rdParty\libssh2\1.10.0.0\include /Zi /W1 /WX- /diagnostics:column /Od /Ob0 /Oy- /D _MBCS /D WIN32 /D _WINDOWS /D _WIN32_WINNT=0x0600 /D _WINSOCKAPI_= /D "CMAKE_INTDIR=\"Debug\"" /Gm- /RTC1 /MDd /GS /fp:precise /Zc:wchar_t /Zc:forScope /Zc:inline /Fo"cmTC_d440f.dir\Debug\\" /Fd"cmTC_d440f.dir\Debug\vc143.pdb" /external:W1 /Gd /TC /analyze- /errorReport:queue C:\dev\3rdParty\libcurl\7.81.0\build\CMakeFiles\CheckIncludeFiles\HAVE_SYS_UN_H.c
C:\dev\3rdParty\libcurl\7.81.0\build\CMakeFiles\CheckIncludeFiles\HAVE_SYS_UN_H.c(10,10): fatal error C1083: Cannot open include file: 'sys/un.h': No such file or directory [C:\dev\3rdParty\libcurl\7.81.0\build\CMakeFiles\CMakeTmp\cmTC_d440f.vcxproj]


Source:
/* */
#include <C:/dev/3rdParty/libssh2/1.10.0.0/include/libssh2.h>
#include <windows.h>
#include <ws2tcpip.h>
#include <winsock2.h>
#include <wincrypt.h>
#include <stdio.h>
#include <sys/stat.h>
#include <sys/types.h>
#include <sys/un.h>


int main(void){return 0;}

Determining if files C:/dev/3rdParty/libssh2/1.10.0.0/include/libssh2.h;windows.h;ws2tcpip.h;winsock2.h;wincrypt.h;stdio.h;sys/stat.h;sys/types.h;sys/utime.h;sys/xattr.h exist failed with the following output:
Change Dir: C:/dev/3rdParty/libcurl/7.81.0/build/CMakeFiles/CMakeTmp

Run Build Command(s):C:/Program Files/Microsoft Visual Studio/2022/Professional/MSBuild/Current/Bin/amd64/MSBuild.exe cmTC_96ca5.vcxproj /p:Configuration=Debug /p:Platform=Win32 /p:VisualStudioVersion=17.0 /v:m && Microsoft (R) Build Engine version 17.1.0+ae57d105c for .NET Framework
Copyright (C) Microsoft Corporation. All rights reserved.

  Microsoft (R) C/C++ Optimizing Compiler Version 19.31.31107 for x86
  HAVE_SYS_XATTR_H.c
  Copyright (C) Microsoft Corporation.  All rights reserved.
  cl /c /IC:\dev\3rdParty\OpenSSL\3.0.5\include /IC:\dev\3rdParty\libssh2\1.10.0.0\include /Zi /W1 /WX- /diagnostics:column /Od /Ob0 /Oy- /D _MBCS /D WIN32 /D _WINDOWS /D _WIN32_WINNT=0x0600 /D _WINSOCKAPI_= /D "CMAKE_INTDIR=\"Debug\"" /Gm- /RTC1 /MDd /GS /fp:precise /Zc:wchar_t /Zc:forScope /Zc:inline /Fo"cmTC_96ca5.dir\Debug\\" /Fd"cmTC_96ca5.dir\Debug\vc143.pdb" /external:W1 /Gd /TC /analyze- /errorReport:queue C:\dev\3rdParty\libcurl\7.81.0\build\CMakeFiles\CheckIncludeFiles\HAVE_SYS_XATTR_H.c
C:\dev\3rdParty\libcurl\7.81.0\build\CMakeFiles\CheckIncludeFiles\HAVE_SYS_XATTR_H.c(11,10): fatal error C1083: Cannot open include file: 'sys/xattr.h': No such file or directory [C:\dev\3rdParty\libcurl\7.81.0\build\CMakeFiles\CMakeTmp\cmTC_96ca5.vcxproj]


Source:
/* */
#include <C:/dev/3rdParty/libssh2/1.10.0.0/include/libssh2.h>
#include <windows.h>
#include <ws2tcpip.h>
#include <winsock2.h>
#include <wincrypt.h>
#include <stdio.h>
#include <sys/stat.h>
#include <sys/types.h>
#include <sys/utime.h>
#include <sys/xattr.h>


int main(void){return 0;}

Determining if files C:/dev/3rdParty/libssh2/1.10.0.0/include/libssh2.h;windows.h;ws2tcpip.h;winsock2.h;wincrypt.h;stdio.h;sys/stat.h;sys/types.h;sys/utime.h;arpa/tftp.h exist failed with the following output:
Change Dir: C:/dev/3rdParty/libcurl/7.81.0/build/CMakeFiles/CMakeTmp

Run Build Command(s):C:/Program Files/Microsoft Visual Studio/2022/Professional/MSBuild/Current/Bin/amd64/MSBuild.exe cmTC_15ea7.vcxproj /p:Configuration=Debug /p:Platform=Win32 /p:VisualStudioVersion=17.0 /v:m && Microsoft (R) Build Engine version 17.1.0+ae57d105c for .NET Framework
Copyright (C) Microsoft Corporation. All rights reserved.

  Microsoft (R) C/C++ Optimizing Compiler Version 19.31.31107 for x86
  HAVE_ARPA_TFTP_H.c
  Copyright (C) Microsoft Corporation.  All rights reserved.
  cl /c /IC:\dev\3rdParty\OpenSSL\3.0.5\include /IC:\dev\3rdParty\libssh2\1.10.0.0\include /Zi /W1 /WX- /diagnostics:column /Od /Ob0 /Oy- /D _MBCS /D WIN32 /D _WINDOWS /D _WIN32_WINNT=0x0600 /D _WINSOCKAPI_= /D "CMAKE_INTDIR=\"Debug\"" /Gm- /RTC1 /MDd /GS /fp:precise /Zc:wchar_t /Zc:forScope /Zc:inline /Fo"cmTC_15ea7.dir\Debug\\" /Fd"cmTC_15ea7.dir\Debug\vc143.pdb" /external:W1 /Gd /TC /analyze- /errorReport:queue C:\dev\3rdParty\libcurl\7.81.0\build\CMakeFiles\CheckIncludeFiles\HAVE_ARPA_TFTP_H.c
C:\dev\3rdParty\libcurl\7.81.0\build\CMakeFiles\CheckIncludeFiles\HAVE_ARPA_TFTP_H.c(11,10): fatal error C1083: Cannot open include file: 'arpa/tftp.h': No such file or directory [C:\dev\3rdParty\libcurl\7.81.0\build\CMakeFiles\CMakeTmp\cmTC_15ea7.vcxproj]


Source:
/* */
#include <C:/dev/3rdParty/libssh2/1.10.0.0/include/libssh2.h>
#include <windows.h>
#include <ws2tcpip.h>
#include <winsock2.h>
#include <wincrypt.h>
#include <stdio.h>
#include <sys/stat.h>
#include <sys/types.h>
#include <sys/utime.h>
#include <arpa/tftp.h>


int main(void){return 0;}

Determining if files C:/dev/3rdParty/libssh2/1.10.0.0/include/libssh2.h;windows.h;ws2tcpip.h;winsock2.h;wincrypt.h;stdio.h;sys/stat.h;sys/types.h;sys/utime.h;assert.h;errno.h;fcntl.h;idn2.h exist failed with the following output:
Change Dir: C:/dev/3rdParty/libcurl/7.81.0/build/CMakeFiles/CMakeTmp

Run Build Command(s):C:/Program Files/Microsoft Visual Studio/2022/Professional/MSBuild/Current/Bin/amd64/MSBuild.exe cmTC_d8dd3.vcxproj /p:Configuration=Debug /p:Platform=Win32 /p:VisualStudioVersion=17.0 /v:m && Microsoft (R) Build Engine version 17.1.0+ae57d105c for .NET Framework
Copyright (C) Microsoft Corporation. All rights reserved.

  Microsoft (R) C/C++ Optimizing Compiler Version 19.31.31107 for x86
  Copyright (C) Microsoft Corporation.  All rights reserved.
  HAVE_IDN2_H.c
  cl /c /IC:\dev\3rdParty\OpenSSL\3.0.5\include /IC:\dev\3rdParty\libssh2\1.10.0.0\include /Zi /W1 /WX- /diagnostics:column /Od /Ob0 /Oy- /D _MBCS /D WIN32 /D _WINDOWS /D _WIN32_WINNT=0x0600 /D _WINSOCKAPI_= /D "CMAKE_INTDIR=\"Debug\"" /Gm- /RTC1 /MDd /GS /fp:precise /Zc:wchar_t /Zc:forScope /Zc:inline /Fo"cmTC_d8dd3.dir\Debug\\" /Fd"cmTC_d8dd3.dir\Debug\vc143.pdb" /external:W1 /Gd /TC /analyze- /errorReport:queue C:\dev\3rdParty\libcurl\7.81.0\build\CMakeFiles\CheckIncludeFiles\HAVE_IDN2_H.c
C:\dev\3rdParty\libcurl\7.81.0\build\CMakeFiles\CheckIncludeFiles\HAVE_IDN2_H.c(14,10): fatal error C1083: Cannot open include file: 'idn2.h': No such file or directory [C:\dev\3rdParty\libcurl\7.81.0\build\CMakeFiles\CMakeTmp\cmTC_d8dd3.vcxproj]


Source:
/* */
#include <C:/dev/3rdParty/libssh2/1.10.0.0/include/libssh2.h>
#include <windows.h>
#include <ws2tcpip.h>
#include <winsock2.h>
#include <wincrypt.h>
#include <stdio.h>
#include <sys/stat.h>
#include <sys/types.h>
#include <sys/utime.h>
#include <assert.h>
#include <errno.h>
#include <fcntl.h>
#include <idn2.h>


int main(void){return 0;}

Determining if files C:/dev/3rdParty/libssh2/1.10.0.0/include/libssh2.h;windows.h;ws2tcpip.h;winsock2.h;wincrypt.h;stdio.h;sys/stat.h;sys/types.h;sys/utime.h;assert.h;errno.h;fcntl.h;ifaddrs.h exist failed with the following output:
Change Dir: C:/dev/3rdParty/libcurl/7.81.0/build/CMakeFiles/CMakeTmp

Run Build Command(s):C:/Program Files/Microsoft Visual Studio/2022/Professional/MSBuild/Current/Bin/amd64/MSBuild.exe cmTC_7e84e.vcxproj /p:Configuration=Debug /p:Platform=Win32 /p:VisualStudioVersion=17.0 /v:m && Microsoft (R) Build Engine version 17.1.0+ae57d105c for .NET Framework
Copyright (C) Microsoft Corporation. All rights reserved.

  Microsoft (R) C/C++ Optimizing Compiler Version 19.31.31107 for x86
  HAVE_IFADDRS_H.c
  Copyright (C) Microsoft Corporation.  All rights reserved.
  cl /c /IC:\dev\3rdParty\OpenSSL\3.0.5\include /IC:\dev\3rdParty\libssh2\1.10.0.0\include /Zi /W1 /WX- /diagnostics:column /Od /Ob0 /Oy- /D _MBCS /D WIN32 /D _WINDOWS /D _WIN32_WINNT=0x0600 /D _WINSOCKAPI_= /D "CMAKE_INTDIR=\"Debug\"" /Gm- /RTC1 /MDd /GS /fp:precise /Zc:wchar_t /Zc:forScope /Zc:inline /Fo"cmTC_7e84e.dir\Debug\\" /Fd"cmTC_7e84e.dir\Debug\vc143.pdb" /external:W1 /Gd /TC /analyze- /errorReport:queue C:\dev\3rdParty\libcurl\7.81.0\build\CMakeFiles\CheckIncludeFiles\HAVE_IFADDRS_H.c
C:\dev\3rdParty\libcurl\7.81.0\build\CMakeFiles\CheckIncludeFiles\HAVE_IFADDRS_H.c(14,10): fatal error C1083: Cannot open include file: 'ifaddrs.h': No such file or directory [C:\dev\3rdParty\libcurl\7.81.0\build\CMakeFiles\CMakeTmp\cmTC_7e84e.vcxproj]


Source:
/* */
#include <C:/dev/3rdParty/libssh2/1.10.0.0/include/libssh2.h>
#include <windows.h>
#include <ws2tcpip.h>
#include <winsock2.h>
#include <wincrypt.h>
#include <stdio.h>
#include <sys/stat.h>
#include <sys/types.h>
#include <sys/utime.h>
#include <assert.h>
#include <errno.h>
#include <fcntl.h>
#include <ifaddrs.h>


int main(void){return 0;}

Determining if files C:/dev/3rdParty/libssh2/1.10.0.0/include/libssh2.h;windows.h;ws2tcpip.h;winsock2.h;wincrypt.h;stdio.h;sys/stat.h;sys/types.h;sys/utime.h;assert.h;errno.h;fcntl.h;io.h;krb.h exist failed with the following output:
Change Dir: C:/dev/3rdParty/libcurl/7.81.0/build/CMakeFiles/CMakeTmp

Run Build Command(s):C:/Program Files/Microsoft Visual Studio/2022/Professional/MSBuild/Current/Bin/amd64/MSBuild.exe cmTC_234ed.vcxproj /p:Configuration=Debug /p:Platform=Win32 /p:VisualStudioVersion=17.0 /v:m && Microsoft (R) Build Engine version 17.1.0+ae57d105c for .NET Framework
Copyright (C) Microsoft Corporation. All rights reserved.

  Microsoft (R) C/C++ Optimizing Compiler Version 19.31.31107 for x86
  HAVE_KRB_H.c
  Copyright (C) Microsoft Corporation.  All rights reserved.
  cl /c /IC:\dev\3rdParty\OpenSSL\3.0.5\include /IC:\dev\3rdParty\libssh2\1.10.0.0\include /Zi /W1 /WX- /diagnostics:column /Od /Ob0 /Oy- /D _MBCS /D WIN32 /D _WINDOWS /D _WIN32_WINNT=0x0600 /D _WINSOCKAPI_= /D "CMAKE_INTDIR=\"Debug\"" /Gm- /RTC1 /MDd /GS /fp:precise /Zc:wchar_t /Zc:forScope /Zc:inline /Fo"cmTC_234ed.dir\Debug\\" /Fd"cmTC_234ed.dir\Debug\vc143.pdb" /external:W1 /Gd /TC /analyze- /errorReport:queue C:\dev\3rdParty\libcurl\7.81.0\build\CMakeFiles\CheckIncludeFiles\HAVE_KRB_H.c
C:\dev\3rdParty\libcurl\7.81.0\build\CMakeFiles\CheckIncludeFiles\HAVE_KRB_H.c(15,10): fatal error C1083: Cannot open include file: 'krb.h': No such file or directory [C:\dev\3rdParty\libcurl\7.81.0\build\CMakeFiles\CMakeTmp\cmTC_234ed.vcxproj]


Source:
/* */
#include <C:/dev/3rdParty/libssh2/1.10.0.0/include/libssh2.h>
#include <windows.h>
#include <ws2tcpip.h>
#include <winsock2.h>
#include <wincrypt.h>
#include <stdio.h>
#include <sys/stat.h>
#include <sys/types.h>
#include <sys/utime.h>
#include <assert.h>
#include <errno.h>
#include <fcntl.h>
#include <io.h>
#include <krb.h>


int main(void){return 0;}

Determining if files C:/dev/3rdParty/libssh2/1.10.0.0/include/libssh2.h;windows.h;ws2tcpip.h;winsock2.h;wincrypt.h;stdio.h;sys/stat.h;sys/types.h;sys/utime.h;assert.h;errno.h;fcntl.h;io.h;libgen.h exist failed with the following output:
Change Dir: C:/dev/3rdParty/libcurl/7.81.0/build/CMakeFiles/CMakeTmp

Run Build Command(s):C:/Program Files/Microsoft Visual Studio/2022/Professional/MSBuild/Current/Bin/amd64/MSBuild.exe cmTC_1887c.vcxproj /p:Configuration=Debug /p:Platform=Win32 /p:VisualStudioVersion=17.0 /v:m && Microsoft (R) Build Engine version 17.1.0+ae57d105c for .NET Framework
Copyright (C) Microsoft Corporation. All rights reserved.

  Microsoft (R) C/C++ Optimizing Compiler Version 19.31.31107 for x86
  HAVE_LIBGEN_H.c
  Copyright (C) Microsoft Corporation.  All rights reserved.
  cl /c /IC:\dev\3rdParty\OpenSSL\3.0.5\include /IC:\dev\3rdParty\libssh2\1.10.0.0\include /Zi /W1 /WX- /diagnostics:column /Od /Ob0 /Oy- /D _MBCS /D WIN32 /D _WINDOWS /D _WIN32_WINNT=0x0600 /D _WINSOCKAPI_= /D "CMAKE_INTDIR=\"Debug\"" /Gm- /RTC1 /MDd /GS /fp:precise /Zc:wchar_t /Zc:forScope /Zc:inline /Fo"cmTC_1887c.dir\Debug\\" /Fd"cmTC_1887c.dir\Debug\vc143.pdb" /external:W1 /Gd /TC /analyze- /errorReport:queue C:\dev\3rdParty\libcurl\7.81.0\build\CMakeFiles\CheckIncludeFiles\HAVE_LIBGEN_H.c
C:\dev\3rdParty\libcurl\7.81.0\build\CMakeFiles\CheckIncludeFiles\HAVE_LIBGEN_H.c(15,10): fatal error C1083: Cannot open include file: 'libgen.h': No such file or directory [C:\dev\3rdParty\libcurl\7.81.0\build\CMakeFiles\CMakeTmp\cmTC_1887c.vcxproj]


Source:
/* */
#include <C:/dev/3rdParty/libssh2/1.10.0.0/include/libssh2.h>
#include <windows.h>
#include <ws2tcpip.h>
#include <winsock2.h>
#include <wincrypt.h>
#include <stdio.h>
#include <sys/stat.h>
#include <sys/types.h>
#include <sys/utime.h>
#include <assert.h>
#include <errno.h>
#include <fcntl.h>
#include <io.h>
#include <libgen.h>


int main(void){return 0;}

Determining if files C:/dev/3rdParty/libssh2/1.10.0.0/include/libssh2.h;windows.h;ws2tcpip.h;winsock2.h;wincrypt.h;stdio.h;sys/stat.h;sys/types.h;sys/utime.h;assert.h;errno.h;fcntl.h;io.h;locale.h;netinet/tcp.h exist failed with the following output:
Change Dir: C:/dev/3rdParty/libcurl/7.81.0/build/CMakeFiles/CMakeTmp

Run Build Command(s):C:/Program Files/Microsoft Visual Studio/2022/Professional/MSBuild/Current/Bin/amd64/MSBuild.exe cmTC_5a740.vcxproj /p:Configuration=Debug /p:Platform=Win32 /p:VisualStudioVersion=17.0 /v:m && Microsoft (R) Build Engine version 17.1.0+ae57d105c for .NET Framework
Copyright (C) Microsoft Corporation. All rights reserved.

  Microsoft (R) C/C++ Optimizing Compiler Version 19.31.31107 for x86
  Copyright (C) Microsoft Corporation.  All rights reserved.
  HAVE_NETINET_TCP_H.c
  cl /c /IC:\dev\3rdParty\OpenSSL\3.0.5\include /IC:\dev\3rdParty\libssh2\1.10.0.0\include /Zi /W1 /WX- /diagnostics:column /Od /Ob0 /Oy- /D _MBCS /D WIN32 /D _WINDOWS /D _WIN32_WINNT=0x0600 /D _WINSOCKAPI_= /D "CMAKE_INTDIR=\"Debug\"" /Gm- /RTC1 /MDd /GS /fp:precise /Zc:wchar_t /Zc:forScope /Zc:inline /Fo"cmTC_5a740.dir\Debug\\" /Fd"cmTC_5a740.dir\Debug\vc143.pdb" /external:W1 /Gd /TC /analyze- /errorReport:queue C:\dev\3rdParty\libcurl\7.81.0\build\CMakeFiles\CheckIncludeFiles\HAVE_NETINET_TCP_H.c
C:\dev\3rdParty\libcurl\7.81.0\build\CMakeFiles\CheckIncludeFiles\HAVE_NETINET_TCP_H.c(16,10): fatal error C1083: Cannot open include file: 'netinet/tcp.h': No such file or directory [C:\dev\3rdParty\libcurl\7.81.0\build\CMakeFiles\CMakeTmp\cmTC_5a740.vcxproj]


Source:
/* */
#include <C:/dev/3rdParty/libssh2/1.10.0.0/include/libssh2.h>
#include <windows.h>
#include <ws2tcpip.h>
#include <winsock2.h>
#include <wincrypt.h>
#include <stdio.h>
#include <sys/stat.h>
#include <sys/types.h>
#include <sys/utime.h>
#include <assert.h>
#include <errno.h>
#include <fcntl.h>
#include <io.h>
#include <locale.h>
#include <netinet/tcp.h>


int main(void){return 0;}

Determining if the include file linux/tcp.h exists failed with the following output:
Change Dir: C:/dev/3rdParty/libcurl/7.81.0/build/CMakeFiles/CMakeTmp

Run Build Command(s):C:/Program Files/Microsoft Visual Studio/2022/Professional/MSBuild/Current/Bin/amd64/MSBuild.exe cmTC_9347f.vcxproj /p:Configuration=Debug /p:Platform=Win32 /p:VisualStudioVersion=17.0 /v:m && Microsoft (R) Build Engine version 17.1.0+ae57d105c for .NET Framework
Copyright (C) Microsoft Corporation. All rights reserved.

  Microsoft (R) C/C++ Optimizing Compiler Version 19.31.31107 for x86
  CheckIncludeFile.c
C:\dev\3rdParty\libcurl\7.81.0\build\CMakeFiles\CMakeTmp\CheckIncludeFile.c(1,10): fatal error C1083: Cannot open include file: 'linux/tcp.h': No such file or directory [C:\dev\3rdParty\libcurl\7.81.0\build\CMakeFiles\CMakeTmp\cmTC_9347f.vcxproj]
  Copyright (C) Microsoft Corporation.  All rights reserved.
  cl /c /IC:\dev\3rdParty\OpenSSL\3.0.5\include /IC:\dev\3rdParty\libssh2\1.10.0.0\include /Zi /W1 /WX- /diagnostics:column /Od /Ob0 /Oy- /D _MBCS /D WIN32 /D _WINDOWS /D _WIN32_WINNT=0x0600 /D _WINSOCKAPI_= /D "CMAKE_INTDIR=\"Debug\"" /Gm- /RTC1 /MDd /GS /fp:precise /Zc:wchar_t /Zc:forScope /Zc:inline /Fo"cmTC_9347f.dir\Debug\\" /Fd"cmTC_9347f.dir\Debug\vc143.pdb" /external:W1 /Gd /TC /analyze- /errorReport:queue C:\dev\3rdParty\libcurl\7.81.0\build\CMakeFiles\CMakeTmp\CheckIncludeFile.c



Determining if files C:/dev/3rdParty/libssh2/1.10.0.0/include/libssh2.h;windows.h;ws2tcpip.h;winsock2.h;wincrypt.h;stdio.h;sys/stat.h;sys/types.h;sys/utime.h;assert.h;errno.h;fcntl.h;io.h;locale.h;pem.h exist failed with the following output:
Change Dir: C:/dev/3rdParty/libcurl/7.81.0/build/CMakeFiles/CMakeTmp

Run Build Command(s):C:/Program Files/Microsoft Visual Studio/2022/Professional/MSBuild/Current/Bin/amd64/MSBuild.exe cmTC_3f288.vcxproj /p:Configuration=Debug /p:Platform=Win32 /p:VisualStudioVersion=17.0 /v:m && Microsoft (R) Build Engine version 17.1.0+ae57d105c for .NET Framework
Copyright (C) Microsoft Corporation. All rights reserved.

  Microsoft (R) C/C++ Optimizing Compiler Version 19.31.31107 for x86
  Copyright (C) Microsoft Corporation.  All rights reserved.
  HAVE_PEM_H.c
  cl /c /IC:\dev\3rdParty\OpenSSL\3.0.5\include /IC:\dev\3rdParty\libssh2\1.10.0.0\include /Zi /W1 /WX- /diagnostics:column /Od /Ob0 /Oy- /D _MBCS /D WIN32 /D _WINDOWS /D _WIN32_WINNT=0x0600 /D _WINSOCKAPI_= /D "CMAKE_INTDIR=\"Debug\"" /Gm- /RTC1 /MDd /GS /fp:precise /Zc:wchar_t /Zc:forScope /Zc:inline /Fo"cmTC_3f288.dir\Debug\\" /Fd"cmTC_3f288.dir\Debug\vc143.pdb" /external:W1 /Gd /TC /analyze- /errorReport:queue C:\dev\3rdParty\libcurl\7.81.0\build\CMakeFiles\CheckIncludeFiles\HAVE_PEM_H.c
C:\dev\3rdParty\libcurl\7.81.0\build\CMakeFiles\CheckIncludeFiles\HAVE_PEM_H.c(16,10): fatal error C1083: Cannot open include file: 'pem.h': No such file or directory [C:\dev\3rdParty\libcurl\7.81.0\build\CMakeFiles\CMakeTmp\cmTC_3f288.vcxproj]


Source:
/* */
#include <C:/dev/3rdParty/libssh2/1.10.0.0/include/libssh2.h>
#include <windows.h>
#include <ws2tcpip.h>
#include <winsock2.h>
#include <wincrypt.h>
#include <stdio.h>
#include <sys/stat.h>
#include <sys/types.h>
#include <sys/utime.h>
#include <assert.h>
#include <errno.h>
#include <fcntl.h>
#include <io.h>
#include <locale.h>
#include <pem.h>


int main(void){return 0;}

Determining if files C:/dev/3rdParty/libssh2/1.10.0.0/include/libssh2.h;windows.h;ws2tcpip.h;winsock2.h;wincrypt.h;stdio.h;sys/stat.h;sys/types.h;sys/utime.h;assert.h;errno.h;fcntl.h;io.h;locale.h;poll.h exist failed with the following output:
Change Dir: C:/dev/3rdParty/libcurl/7.81.0/build/CMakeFiles/CMakeTmp

Run Build Command(s):C:/Program Files/Microsoft Visual Studio/2022/Professional/MSBuild/Current/Bin/amd64/MSBuild.exe cmTC_bb965.vcxproj /p:Configuration=Debug /p:Platform=Win32 /p:VisualStudioVersion=17.0 /v:m && Microsoft (R) Build Engine version 17.1.0+ae57d105c for .NET Framework
Copyright (C) Microsoft Corporation. All rights reserved.

  Microsoft (R) C/C++ Optimizing Compiler Version 19.31.31107 for x86
  Copyright (C) Microsoft Corporation.  All rights reserved.
  HAVE_POLL_H.c
  cl /c /IC:\dev\3rdParty\OpenSSL\3.0.5\include /IC:\dev\3rdParty\libssh2\1.10.0.0\include /Zi /W1 /WX- /diagnostics:column /Od /Ob0 /Oy- /D _MBCS /D WIN32 /D _WINDOWS /D _WIN32_WINNT=0x0600 /D _WINSOCKAPI_= /D "CMAKE_INTDIR=\"Debug\"" /Gm- /RTC1 /MDd /GS /fp:precise /Zc:wchar_t /Zc:forScope /Zc:inline /Fo"cmTC_bb965.dir\Debug\\" /Fd"cmTC_bb965.dir\Debug\vc143.pdb" /external:W1 /Gd /TC /analyze- /errorReport:queue C:\dev\3rdParty\libcurl\7.81.0\build\CMakeFiles\CheckIncludeFiles\HAVE_POLL_H.c
C:\dev\3rdParty\libcurl\7.81.0\build\CMakeFiles\CheckIncludeFiles\HAVE_POLL_H.c(16,10): fatal error C1083: Cannot open include file: 'poll.h': No such file or directory [C:\dev\3rdParty\libcurl\7.81.0\build\CMakeFiles\CMakeTmp\cmTC_bb965.vcxproj]


Source:
/* */
#include <C:/dev/3rdParty/libssh2/1.10.0.0/include/libssh2.h>
#include <windows.h>
#include <ws2tcpip.h>
#include <winsock2.h>
#include <wincrypt.h>
#include <stdio.h>
#include <sys/stat.h>
#include <sys/types.h>
#include <sys/utime.h>
#include <assert.h>
#include <errno.h>
#include <fcntl.h>
#include <io.h>
#include <locale.h>
#include <poll.h>


int main(void){return 0;}

Determining if files C:/dev/3rdParty/libssh2/1.10.0.0/include/libssh2.h;windows.h;ws2tcpip.h;winsock2.h;wincrypt.h;stdio.h;sys/stat.h;sys/types.h;sys/utime.h;assert.h;errno.h;fcntl.h;io.h;locale.h;setjmp.h;signal.h;ssl.h exist failed with the following output:
Change Dir: C:/dev/3rdParty/libcurl/7.81.0/build/CMakeFiles/CMakeTmp

Run Build Command(s):C:/Program Files/Microsoft Visual Studio/2022/Professional/MSBuild/Current/Bin/amd64/MSBuild.exe cmTC_71043.vcxproj /p:Configuration=Debug /p:Platform=Win32 /p:VisualStudioVersion=17.0 /v:m && Microsoft (R) Build Engine version 17.1.0+ae57d105c for .NET Framework
Copyright (C) Microsoft Corporation. All rights reserved.

  Microsoft (R) C/C++ Optimizing Compiler Version 19.31.31107 for x86
  Copyright (C) Microsoft Corporation.  All rights reserved.
  HAVE_SSL_H.c
  cl /c /IC:\dev\3rdParty\OpenSSL\3.0.5\include /IC:\dev\3rdParty\libssh2\1.10.0.0\include /Zi /W1 /WX- /diagnostics:column /Od /Ob0 /Oy- /D _MBCS /D WIN32 /D _WINDOWS /D _WIN32_WINNT=0x0600 /D _WINSOCKAPI_= /D "CMAKE_INTDIR=\"Debug\"" /Gm- /RTC1 /MDd /GS /fp:precise /Zc:wchar_t /Zc:forScope /Zc:inline /Fo"cmTC_71043.dir\Debug\\" /Fd"cmTC_71043.dir\Debug\vc143.pdb" /external:W1 /Gd /TC /analyze- /errorReport:queue C:\dev\3rdParty\libcurl\7.81.0\build\CMakeFiles\CheckIncludeFiles\HAVE_SSL_H.c
C:\dev\3rdParty\libcurl\7.81.0\build\CMakeFiles\CheckIncludeFiles\HAVE_SSL_H.c(18,10): fatal error C1083: Cannot open include file: 'ssl.h': No such file or directory [C:\dev\3rdParty\libcurl\7.81.0\build\CMakeFiles\CMakeTmp\cmTC_71043.vcxproj]


Source:
/* */
#include <C:/dev/3rdParty/libssh2/1.10.0.0/include/libssh2.h>
#include <windows.h>
#include <ws2tcpip.h>
#include <winsock2.h>
#include <wincrypt.h>
#include <stdio.h>
#include <sys/stat.h>
#include <sys/types.h>
#include <sys/utime.h>
#include <assert.h>
#include <errno.h>
#include <fcntl.h>
#include <io.h>
#include <locale.h>
#include <setjmp.h>
#include <signal.h>
#include <ssl.h>


int main(void){return 0;}

Determining if files C:/dev/3rdParty/libssh2/1.10.0.0/include/libssh2.h;windows.h;ws2tcpip.h;winsock2.h;wincrypt.h;stdio.h;sys/stat.h;sys/types.h;sys/utime.h;assert.h;errno.h;fcntl.h;io.h;locale.h;setjmp.h;signal.h;stdbool.h;stdio.h;stdlib.h;string.h;stropts.h exist failed with the following output:
Change Dir: C:/dev/3rdParty/libcurl/7.81.0/build/CMakeFiles/CMakeTmp

Run Build Command(s):C:/Program Files/Microsoft Visual Studio/2022/Professional/MSBuild/Current/Bin/amd64/MSBuild.exe cmTC_87f50.vcxproj /p:Configuration=Debug /p:Platform=Win32 /p:VisualStudioVersion=17.0 /v:m && Microsoft (R) Build Engine version 17.1.0+ae57d105c for .NET Framework
Copyright (C) Microsoft Corporation. All rights reserved.

  Microsoft (R) C/C++ Optimizing Compiler Version 19.31.31107 for x86
  HAVE_STROPTS_H.c
  Copyright (C) Microsoft Corporation.  All rights reserved.
  cl /c /IC:\dev\3rdParty\OpenSSL\3.0.5\include /IC:\dev\3rdParty\libssh2\1.10.0.0\include /Zi /W1 /WX- /diagnostics:column /Od /Ob0 /Oy- /D _MBCS /D WIN32 /D _WINDOWS /D _WIN32_WINNT=0x0600 /D _WINSOCKAPI_= /D "CMAKE_INTDIR=\"Debug\"" /Gm- /RTC1 /MDd /GS /fp:precise /Zc:wchar_t /Zc:forScope /Zc:inline /Fo"cmTC_87f50.dir\Debug\\" /Fd"cmTC_87f50.dir\Debug\vc143.pdb" /external:W1 /Gd /TC /analyze- /errorReport:queue C:\dev\3rdParty\libcurl\7.81.0\build\CMakeFiles\CheckIncludeFiles\HAVE_STROPTS_H.c
C:\dev\3rdParty\libcurl\7.81.0\build\CMakeFiles\CheckIncludeFiles\HAVE_STROPTS_H.c(22,10): fatal error C1083: Cannot open include file: 'stropts.h': No such file or directory [C:\dev\3rdParty\libcurl\7.81.0\build\CMakeFiles\CMakeTmp\cmTC_87f50.vcxproj]


Source:
/* */
#include <C:/dev/3rdParty/libssh2/1.10.0.0/include/libssh2.h>
#include <windows.h>
#include <ws2tcpip.h>
#include <winsock2.h>
#include <wincrypt.h>
#include <stdio.h>
#include <sys/stat.h>
#include <sys/types.h>
#include <sys/utime.h>
#include <assert.h>
#include <errno.h>
#include <fcntl.h>
#include <io.h>
#include <locale.h>
#include <setjmp.h>
#include <signal.h>
#include <stdbool.h>
#include <stdio.h>
#include <stdlib.h>
#include <string.h>
#include <stropts.h>


int main(void){return 0;}

Determining if files C:/dev/3rdParty/libssh2/1.10.0.0/include/libssh2.h;windows.h;ws2tcpip.h;winsock2.h;wincrypt.h;stdio.h;sys/stat.h;sys/types.h;sys/utime.h;assert.h;errno.h;fcntl.h;io.h;locale.h;setjmp.h;signal.h;stdbool.h;stdio.h;stdlib.h;string.h;time.h;process.h;stddef.h;malloc.h;memory.h;sys/utsname.h exist failed with the following output:
Change Dir: C:/dev/3rdParty/libcurl/7.81.0/build/CMakeFiles/CMakeTmp

Run Build Command(s):C:/Program Files/Microsoft Visual Studio/2022/Professional/MSBuild/Current/Bin/amd64/MSBuild.exe cmTC_29148.vcxproj /p:Configuration=Debug /p:Platform=Win32 /p:VisualStudioVersion=17.0 /v:m && Microsoft (R) Build Engine version 17.1.0+ae57d105c for .NET Framework
Copyright (C) Microsoft Corporation. All rights reserved.

  Microsoft (R) C/C++ Optimizing Compiler Version 19.31.31107 for x86
  Copyright (C) Microsoft Corporation.  All rights reserved.
  HAVE_SYS_UTSNAME_H.c
  cl /c /IC:\dev\3rdParty\OpenSSL\3.0.5\include /IC:\dev\3rdParty\libssh2\1.10.0.0\include /Zi /W1 /WX- /diagnostics:column /Od /Ob0 /Oy- /D _MBCS /D WIN32 /D _WINDOWS /D _WIN32_WINNT=0x0600 /D _WINSOCKAPI_= /D "CMAKE_INTDIR=\"Debug\"" /Gm- /RTC1 /MDd /GS /fp:precise /Zc:wchar_t /Zc:forScope /Zc:inline /Fo"cmTC_29148.dir\Debug\\" /Fd"cmTC_29148.dir\Debug\vc143.pdb" /external:W1 /Gd /TC /analyze- /errorReport:queue C:\dev\3rdParty\libcurl\7.81.0\build\CMakeFiles\CheckIncludeFiles\HAVE_SYS_UTSNAME_H.c
C:\dev\3rdParty\libcurl\7.81.0\build\CMakeFiles\CheckIncludeFiles\HAVE_SYS_UTSNAME_H.c(27,10): fatal error C1083: Cannot open include file: 'sys/utsname.h': No such file or directory [C:\dev\3rdParty\libcurl\7.81.0\build\CMakeFiles\CMakeTmp\cmTC_29148.vcxproj]


Source:
/* */
#include <C:/dev/3rdParty/libssh2/1.10.0.0/include/libssh2.h>
#include <windows.h>
#include <ws2tcpip.h>
#include <winsock2.h>
#include <wincrypt.h>
#include <stdio.h>
#include <sys/stat.h>
#include <sys/types.h>
#include <sys/utime.h>
#include <assert.h>
#include <errno.h>
#include <fcntl.h>
#include <io.h>
#include <locale.h>
#include <setjmp.h>
#include <signal.h>
#include <stdbool.h>
#include <stdio.h>
#include <stdlib.h>
#include <string.h>
#include <time.h>
#include <process.h>
#include <stddef.h>
#include <malloc.h>
#include <memory.h>
#include <sys/utsname.h>


int main(void){return 0;}

Determining size of ssize_t failed with the following output:
Change Dir: C:/dev/3rdParty/libcurl/7.81.0/build/CMakeFiles/CMakeTmp

Run Build Command(s):C:/Program Files/Microsoft Visual Studio/2022/Professional/MSBuild/Current/Bin/amd64/MSBuild.exe cmTC_202f6.vcxproj /p:Configuration=Debug /p:Platform=Win32 /p:VisualStudioVersion=17.0 /v:m && Microsoft (R) Build Engine version 17.1.0+ae57d105c for .NET Framework
Copyright (C) Microsoft Corporation. All rights reserved.

  Microsoft (R) C/C++ Optimizing Compiler Version 19.31.31107 for x86
  Copyright (C) Microsoft Corporation.  All rights reserved.
  SIZEOF_SSIZE_T.c
C:\dev\3rdParty\libcurl\7.81.0\build\CMakeFiles\CheckTypeSize\SIZEOF_SSIZE_T.c(28,12): error C2065: 'ssize_t': undeclared identifier [C:\dev\3rdParty\libcurl\7.81.0\build\CMakeFiles\CMakeTmp\cmTC_202f6.vcxproj]
C:\dev\3rdParty\libcurl\7.81.0\build\CMakeFiles\CheckTypeSize\SIZEOF_SSIZE_T.c(29,12): error C2065: 'ssize_t': undeclared identifier [C:\dev\3rdParty\libcurl\7.81.0\build\CMakeFiles\CMakeTmp\cmTC_202f6.vcxproj]
C:\dev\3rdParty\libcurl\7.81.0\build\CMakeFiles\CheckTypeSize\SIZEOF_SSIZE_T.c(30,12): error C2065: 'ssize_t': undeclared identifier [C:\dev\3rdParty\libcurl\7.81.0\build\CMakeFiles\CMakeTmp\cmTC_202f6.vcxproj]
C:\dev\3rdParty\libcurl\7.81.0\build\CMakeFiles\CheckTypeSize\SIZEOF_SSIZE_T.c(31,12): error C2065: 'ssize_t': undeclared identifier [C:\dev\3rdParty\libcurl\7.81.0\build\CMakeFiles\CMakeTmp\cmTC_202f6.vcxproj]
C:\dev\3rdParty\libcurl\7.81.0\build\CMakeFiles\CheckTypeSize\SIZEOF_SSIZE_T.c(32,12): error C2065: 'ssize_t': undeclared identifier [C:\dev\3rdParty\libcurl\7.81.0\build\CMakeFiles\CMakeTmp\cmTC_202f6.vcxproj]
  cl /c /IC:\dev\3rdParty\OpenSSL\3.0.5\include /IC:\dev\3rdParty\libssh2\1.10.0.0\include /Zi /W1 /WX- /diagnostics:column /Od /Ob0 /Oy- /D _MBCS /D WIN32 /D _WINDOWS /D _WIN32_WINNT=0x0600 /D _WINSOCKAPI_= /D "CMAKE_INTDIR=\"Debug\"" /Gm- /RTC1 /MDd /GS /fp:precise /Zc:wchar_t /Zc:forScope /Zc:inline /Fo"cmTC_202f6.dir\Debug\\" /Fd"cmTC_202f6.dir\Debug\vc143.pdb" /external:W1 /Gd /TC /analyze- /errorReport:queue C:\dev\3rdParty\libcurl\7.81.0\build\CMakeFiles\CheckTypeSize\SIZEOF_SSIZE_T.c


C:/dev/3rdParty/libcurl/7.81.0/build/CMakeFiles/CheckTypeSize/SIZEOF_SSIZE_T.c:
#include <sys/types.h>
#include <stddef.h>


#undef KEY
#if defined(__i386)
# define KEY '_','_','i','3','8','6'
#elif defined(__x86_64)
# define KEY '_','_','x','8','6','_','6','4'
#elif defined(__PPC64__)
# define KEY '_','_','P','P','C','6','4','_','_'
#elif defined(__ppc64__)
# define KEY '_','_','p','p','c','6','4','_','_'
#elif defined(__PPC__)
# define KEY '_','_','P','P','C','_','_'
#elif defined(__ppc__)
# define KEY '_','_','p','p','c','_','_'
#elif defined(__aarch64__)
# define KEY '_','_','a','a','r','c','h','6','4','_','_'
#elif defined(__ARM_ARCH_7A__)
# define KEY '_','_','A','R','M','_','A','R','C','H','_','7','A','_','_'
#elif defined(__ARM_ARCH_7S__)
# define KEY '_','_','A','R','M','_','A','R','C','H','_','7','S','_','_'
#endif

#define SIZE (sizeof(ssize_t))
static char info_size[] =  {'I', 'N', 'F', 'O', ':', 's','i','z','e','[',
  ('0' + ((SIZE / 10000)%10)),
  ('0' + ((SIZE / 1000)%10)),
  ('0' + ((SIZE / 100)%10)),
  ('0' + ((SIZE / 10)%10)),
  ('0' +  (SIZE    % 10)),
  ']',
#ifdef KEY
  ' ','k','e','y','[', KEY, ']',
#endif
  '\0'};

#ifdef __CLASSIC_C__
int main(argc, argv) int argc; char *argv[];
#else
int main(int argc, char *argv[])
#endif
{
  int require = 0;
  require += info_size[argc];
  (void)argv;
  return require;
}


Determining if the basename exist failed with the following output:
Change Dir: C:/dev/3rdParty/libcurl/7.81.0/build/CMakeFiles/CMakeTmp

Run Build Command(s):C:/Program Files/Microsoft Visual Studio/2022/Professional/MSBuild/Current/Bin/amd64/MSBuild.exe cmTC_73a41.vcxproj /p:Configuration=Debug /p:Platform=Win32 /p:VisualStudioVersion=17.0 /v:m && Microsoft (R) Build Engine version 17.1.0+ae57d105c for .NET Framework
Copyright (C) Microsoft Corporation. All rights reserved.

  Microsoft (R) C/C++ Optimizing Compiler Version 19.31.31107 for x86
  CheckSymbolExists.c
  Copyright (C) Microsoft Corporation.  All rights reserved.
  cl /c /IC:\dev\3rdParty\OpenSSL\3.0.5\include /IC:\dev\3rdParty\libssh2\1.10.0.0\include /Zi /W1 /WX- /diagnostics:column /Od /Ob0 /Oy- /D _MBCS /D WIN32 /D _WINDOWS /D _WIN32_WINNT=0x0600 /D _WINSOCKAPI_= /D "CMAKE_INTDIR=\"Debug\"" /Gm- /RTC1 /MDd /GS /fp:precise /Zc:wchar_t /Zc:forScope /Zc:inline /Fo"cmTC_73a41.dir\Debug\\" /Fd"cmTC_73a41.dir\Debug\vc143.pdb" /external:W1 /Gd /TC /analyze- /errorReport:queue C:\dev\3rdParty\libcurl\7.81.0\build\CMakeFiles\CMakeTmp\CheckSymbolExists.c
C:\dev\3rdParty\libcurl\7.81.0\build\CMakeFiles\CMakeTmp\CheckSymbolExists.c(32,27): error C2065: 'basename': undeclared identifier [C:\dev\3rdParty\libcurl\7.81.0\build\CMakeFiles\CMakeTmp\cmTC_73a41.vcxproj]


File C:/dev/3rdParty/libcurl/7.81.0/build/CMakeFiles/CMakeTmp/CheckSymbolExists.c:
/* */
#include <C:/dev/3rdParty/libssh2/1.10.0.0/include/libssh2.h>
#include <windows.h>
#include <ws2tcpip.h>
#include <winsock2.h>
#include <wincrypt.h>
#include <stdio.h>
#include <sys/stat.h>
#include <sys/types.h>
#include <sys/utime.h>
#include <assert.h>
#include <errno.h>
#include <fcntl.h>
#include <io.h>
#include <locale.h>
#include <setjmp.h>
#include <signal.h>
#include <stdbool.h>
#include <stdio.h>
#include <stdlib.h>
#include <string.h>
#include <time.h>
#include <process.h>
#include <stddef.h>
#include <malloc.h>
#include <memory.h>

int main(int argc, char** argv)
{
  (void)argv;
#ifndef basename
  return ((int*)(&basename))[argc];
#else
  (void)argc;
  return 0;
#endif
}
Determining if the strncmpi exist failed with the following output:
Change Dir: C:/dev/3rdParty/libcurl/7.81.0/build/CMakeFiles/CMakeTmp

Run Build Command(s):C:/Program Files/Microsoft Visual Studio/2022/Professional/MSBuild/Current/Bin/amd64/MSBuild.exe cmTC_66661.vcxproj /p:Configuration=Debug /p:Platform=Win32 /p:VisualStudioVersion=17.0 /v:m && Microsoft (R) Build Engine version 17.1.0+ae57d105c for .NET Framework
Copyright (C) Microsoft Corporation. All rights reserved.

  Microsoft (R) C/C++ Optimizing Compiler Version 19.31.31107 for x86
  Copyright (C) Microsoft Corporation.  All rights reserved.
  CheckSymbolExists.c
  cl /c /IC:\dev\3rdParty\OpenSSL\3.0.5\include /IC:\dev\3rdParty\libssh2\1.10.0.0\include /Zi /W1 /WX- /diagnostics:column /Od /Ob0 /Oy- /D _MBCS /D WIN32 /D _WINDOWS /D _WIN32_WINNT=0x0600 /D _WINSOCKAPI_= /D "CMAKE_INTDIR=\"Debug\"" /Gm- /RTC1 /MDd /GS /fp:precise /Zc:wchar_t /Zc:forScope /Zc:inline /Fo"cmTC_66661.dir\Debug\\" /Fd"cmTC_66661.dir\Debug\vc143.pdb" /external:W1 /Gd /TC /analyze- /errorReport:queue C:\dev\3rdParty\libcurl\7.81.0\build\CMakeFiles\CMakeTmp\CheckSymbolExists.c
C:\dev\3rdParty\libcurl\7.81.0\build\CMakeFiles\CMakeTmp\CheckSymbolExists.c(32,27): error C2065: 'strncmpi': undeclared identifier [C:\dev\3rdParty\libcurl\7.81.0\build\CMakeFiles\CMakeTmp\cmTC_66661.vcxproj]


File C:/dev/3rdParty/libcurl/7.81.0/build/CMakeFiles/CMakeTmp/CheckSymbolExists.c:
/* */
#include <C:/dev/3rdParty/libssh2/1.10.0.0/include/libssh2.h>
#include <windows.h>
#include <ws2tcpip.h>
#include <winsock2.h>
#include <wincrypt.h>
#include <stdio.h>
#include <sys/stat.h>
#include <sys/types.h>
#include <sys/utime.h>
#include <assert.h>
#include <errno.h>
#include <fcntl.h>
#include <io.h>
#include <locale.h>
#include <setjmp.h>
#include <signal.h>
#include <stdbool.h>
#include <stdio.h>
#include <stdlib.h>
#include <string.h>
#include <time.h>
#include <process.h>
#include <stddef.h>
#include <malloc.h>
#include <memory.h>

int main(int argc, char** argv)
{
  (void)argv;
#ifndef strncmpi
  return ((int*)(&strncmpi))[argc];
#else
  (void)argc;
  return 0;
#endif
}
Determining if the alarm exist failed with the following output:
Change Dir: C:/dev/3rdParty/libcurl/7.81.0/build/CMakeFiles/CMakeTmp

Run Build Command(s):C:/Program Files/Microsoft Visual Studio/2022/Professional/MSBuild/Current/Bin/amd64/MSBuild.exe cmTC_6c0ec.vcxproj /p:Configuration=Debug /p:Platform=Win32 /p:VisualStudioVersion=17.0 /v:m && Microsoft (R) Build Engine version 17.1.0+ae57d105c for .NET Framework
Copyright (C) Microsoft Corporation. All rights reserved.

  Microsoft (R) C/C++ Optimizing Compiler Version 19.31.31107 for x86
  Copyright (C) Microsoft Corporation.  All rights reserved.
  CheckSymbolExists.c
  cl /c /IC:\dev\3rdParty\OpenSSL\3.0.5\include /IC:\dev\3rdParty\libssh2\1.10.0.0\include /Zi /W1 /WX- /diagnostics:column /Od /Ob0 /Oy- /D _MBCS /D WIN32 /D _WINDOWS /D _WIN32_WINNT=0x0600 /D _WINSOCKAPI_= /D "CMAKE_INTDIR=\"Debug\"" /Gm- /RTC1 /MDd /GS /fp:precise /Zc:wchar_t /Zc:forScope /Zc:inline /Fo"cmTC_6c0ec.dir\Debug\\" /Fd"cmTC_6c0ec.dir\Debug\vc143.pdb" /external:W1 /Gd /TC /analyze- /errorReport:queue C:\dev\3rdParty\libcurl\7.81.0\build\CMakeFiles\CMakeTmp\CheckSymbolExists.c
C:\dev\3rdParty\libcurl\7.81.0\build\CMakeFiles\CMakeTmp\CheckSymbolExists.c(32,24): error C2065: 'alarm': undeclared identifier [C:\dev\3rdParty\libcurl\7.81.0\build\CMakeFiles\CMakeTmp\cmTC_6c0ec.vcxproj]


File C:/dev/3rdParty/libcurl/7.81.0/build/CMakeFiles/CMakeTmp/CheckSymbolExists.c:
/* */
#include <C:/dev/3rdParty/libssh2/1.10.0.0/include/libssh2.h>
#include <windows.h>
#include <ws2tcpip.h>
#include <winsock2.h>
#include <wincrypt.h>
#include <stdio.h>
#include <sys/stat.h>
#include <sys/types.h>
#include <sys/utime.h>
#include <assert.h>
#include <errno.h>
#include <fcntl.h>
#include <io.h>
#include <locale.h>
#include <setjmp.h>
#include <signal.h>
#include <stdbool.h>
#include <stdio.h>
#include <stdlib.h>
#include <string.h>
#include <time.h>
#include <process.h>
#include <stddef.h>
#include <malloc.h>
#include <memory.h>

int main(int argc, char** argv)
{
  (void)argv;
#ifndef alarm
  return ((int*)(&alarm))[argc];
#else
  (void)argc;
  return 0;
#endif
}
Determining if the getppid exist failed with the following output:
Change Dir: C:/dev/3rdParty/libcurl/7.81.0/build/CMakeFiles/CMakeTmp

Run Build Command(s):C:/Program Files/Microsoft Visual Studio/2022/Professional/MSBuild/Current/Bin/amd64/MSBuild.exe cmTC_f81a3.vcxproj /p:Configuration=Debug /p:Platform=Win32 /p:VisualStudioVersion=17.0 /v:m && Microsoft (R) Build Engine version 17.1.0+ae57d105c for .NET Framework
Copyright (C) Microsoft Corporation. All rights reserved.

  Microsoft (R) C/C++ Optimizing Compiler Version 19.31.31107 for x86
  CheckSymbolExists.c
  Copyright (C) Microsoft Corporation.  All rights reserved.
  cl /c /IC:\dev\3rdParty\OpenSSL\3.0.5\include /IC:\dev\3rdParty\libssh2\1.10.0.0\include /Zi /W1 /WX- /diagnostics:column /Od /Ob0 /Oy- /D _MBCS /D WIN32 /D _WINDOWS /D _WIN32_WINNT=0x0600 /D _WINSOCKAPI_= /D "CMAKE_INTDIR=\"Debug\"" /Gm- /RTC1 /MDd /GS /fp:precise /Zc:wchar_t /Zc:forScope /Zc:inline /Fo"cmTC_f81a3.dir\Debug\\" /Fd"cmTC_f81a3.dir\Debug\vc143.pdb" /external:W1 /Gd /TC /analyze- /errorReport:queue C:\dev\3rdParty\libcurl\7.81.0\build\CMakeFiles\CMakeTmp\CheckSymbolExists.c
C:\dev\3rdParty\libcurl\7.81.0\build\CMakeFiles\CMakeTmp\CheckSymbolExists.c(32,26): error C2065: 'getppid': undeclared identifier [C:\dev\3rdParty\libcurl\7.81.0\build\CMakeFiles\CMakeTmp\cmTC_f81a3.vcxproj]


File C:/dev/3rdParty/libcurl/7.81.0/build/CMakeFiles/CMakeTmp/CheckSymbolExists.c:
/* */
#include <C:/dev/3rdParty/libssh2/1.10.0.0/include/libssh2.h>
#include <windows.h>
#include <ws2tcpip.h>
#include <winsock2.h>
#include <wincrypt.h>
#include <stdio.h>
#include <sys/stat.h>
#include <sys/types.h>
#include <sys/utime.h>
#include <assert.h>
#include <errno.h>
#include <fcntl.h>
#include <io.h>
#include <locale.h>
#include <setjmp.h>
#include <signal.h>
#include <stdbool.h>
#include <stdio.h>
#include <stdlib.h>
#include <string.h>
#include <time.h>
#include <process.h>
#include <stddef.h>
#include <malloc.h>
#include <memory.h>

int main(int argc, char** argv)
{
  (void)argv;
#ifndef getppid
  return ((int*)(&getppid))[argc];
#else
  (void)argc;
  return 0;
#endif
}
Determining if the utimes exist failed with the following output:
Change Dir: C:/dev/3rdParty/libcurl/7.81.0/build/CMakeFiles/CMakeTmp

Run Build Command(s):C:/Program Files/Microsoft Visual Studio/2022/Professional/MSBuild/Current/Bin/amd64/MSBuild.exe cmTC_87782.vcxproj /p:Configuration=Debug /p:Platform=Win32 /p:VisualStudioVersion=17.0 /v:m && Microsoft (R) Build Engine version 17.1.0+ae57d105c for .NET Framework
Copyright (C) Microsoft Corporation. All rights reserved.

  Microsoft (R) C/C++ Optimizing Compiler Version 19.31.31107 for x86
  CheckSymbolExists.c
  Copyright (C) Microsoft Corporation.  All rights reserved.
  cl /c /IC:\dev\3rdParty\OpenSSL\3.0.5\include /IC:\dev\3rdParty\libssh2\1.10.0.0\include /Zi /W1 /WX- /diagnostics:column /Od /Ob0 /Oy- /D _MBCS /D WIN32 /D _WINDOWS /D _WIN32_WINNT=0x0600 /D _WINSOCKAPI_= /D "CMAKE_INTDIR=\"Debug\"" /Gm- /RTC1 /MDd /GS /fp:precise /Zc:wchar_t /Zc:forScope /Zc:inline /Fo"cmTC_87782.dir\Debug\\" /Fd"cmTC_87782.dir\Debug\vc143.pdb" /external:W1 /Gd /TC /analyze- /errorReport:queue C:\dev\3rdParty\libcurl\7.81.0\build\CMakeFiles\CMakeTmp\CheckSymbolExists.c
C:\dev\3rdParty\libcurl\7.81.0\build\CMakeFiles\CMakeTmp\CheckSymbolExists.c(32,25): error C2065: 'utimes': undeclared identifier [C:\dev\3rdParty\libcurl\7.81.0\build\CMakeFiles\CMakeTmp\cmTC_87782.vcxproj]


File C:/dev/3rdParty/libcurl/7.81.0/build/CMakeFiles/CMakeTmp/CheckSymbolExists.c:
/* */
#include <C:/dev/3rdParty/libssh2/1.10.0.0/include/libssh2.h>
#include <windows.h>
#include <ws2tcpip.h>
#include <winsock2.h>
#include <wincrypt.h>
#include <stdio.h>
#include <sys/stat.h>
#include <sys/types.h>
#include <sys/utime.h>
#include <assert.h>
#include <errno.h>
#include <fcntl.h>
#include <io.h>
#include <locale.h>
#include <setjmp.h>
#include <signal.h>
#include <stdbool.h>
#include <stdio.h>
#include <stdlib.h>
#include <string.h>
#include <time.h>
#include <process.h>
#include <stddef.h>
#include <malloc.h>
#include <memory.h>

int main(int argc, char** argv)
{
  (void)argv;
#ifndef utimes
  return ((int*)(&utimes))[argc];
#else
  (void)argc;
  return 0;
#endif
}
Determining if the getpwuid_r exist failed with the following output:
Change Dir: C:/dev/3rdParty/libcurl/7.81.0/build/CMakeFiles/CMakeTmp

Run Build Command(s):C:/Program Files/Microsoft Visual Studio/2022/Professional/MSBuild/Current/Bin/amd64/MSBuild.exe cmTC_97ca0.vcxproj /p:Configuration=Debug /p:Platform=Win32 /p:VisualStudioVersion=17.0 /v:m && Microsoft (R) Build Engine version 17.1.0+ae57d105c for .NET Framework
Copyright (C) Microsoft Corporation. All rights reserved.

  Microsoft (R) C/C++ Optimizing Compiler Version 19.31.31107 for x86
  Copyright (C) Microsoft Corporation.  All rights reserved.
  CheckSymbolExists.c
  cl /c /IC:\dev\3rdParty\OpenSSL\3.0.5\include /IC:\dev\3rdParty\libssh2\1.10.0.0\include /Zi /W1 /WX- /diagnostics:column /Od /Ob0 /Oy- /D _MBCS /D WIN32 /D _WINDOWS /D _WIN32_WINNT=0x0600 /D _WINSOCKAPI_= /D "CMAKE_INTDIR=\"Debug\"" /Gm- /RTC1 /MDd /GS /fp:precise /Zc:wchar_t /Zc:forScope /Zc:inline /Fo"cmTC_97ca0.dir\Debug\\" /Fd"cmTC_97ca0.dir\Debug\vc143.pdb" /external:W1 /Gd /TC /analyze- /errorReport:queue C:\dev\3rdParty\libcurl\7.81.0\build\CMakeFiles\CMakeTmp\CheckSymbolExists.c
C:\dev\3rdParty\libcurl\7.81.0\build\CMakeFiles\CMakeTmp\CheckSymbolExists.c(32,29): error C2065: 'getpwuid_r': undeclared identifier [C:\dev\3rdParty\libcurl\7.81.0\build\CMakeFiles\CMakeTmp\cmTC_97ca0.vcxproj]


File C:/dev/3rdParty/libcurl/7.81.0/build/CMakeFiles/CMakeTmp/CheckSymbolExists.c:
/* */
#include <C:/dev/3rdParty/libssh2/1.10.0.0/include/libssh2.h>
#include <windows.h>
#include <ws2tcpip.h>
#include <winsock2.h>
#include <wincrypt.h>
#include <stdio.h>
#include <sys/stat.h>
#include <sys/types.h>
#include <sys/utime.h>
#include <assert.h>
#include <errno.h>
#include <fcntl.h>
#include <io.h>
#include <locale.h>
#include <setjmp.h>
#include <signal.h>
#include <stdbool.h>
#include <stdio.h>
#include <stdlib.h>
#include <string.h>
#include <time.h>
#include <process.h>
#include <stddef.h>
#include <malloc.h>
#include <memory.h>

int main(int argc, char** argv)
{
  (void)argv;
#ifndef getpwuid_r
  return ((int*)(&getpwuid_r))[argc];
#else
  (void)argc;
  return 0;
#endif
}
Determining if the usleep exist failed with the following output:
Change Dir: C:/dev/3rdParty/libcurl/7.81.0/build/CMakeFiles/CMakeTmp

Run Build Command(s):C:/Program Files/Microsoft Visual Studio/2022/Professional/MSBuild/Current/Bin/amd64/MSBuild.exe cmTC_ca5dc.vcxproj /p:Configuration=Debug /p:Platform=Win32 /p:VisualStudioVersion=17.0 /v:m && Microsoft (R) Build Engine version 17.1.0+ae57d105c for .NET Framework
Copyright (C) Microsoft Corporation. All rights reserved.

  Microsoft (R) C/C++ Optimizing Compiler Version 19.31.31107 for x86
  CheckSymbolExists.c
  Copyright (C) Microsoft Corporation.  All rights reserved.
  cl /c /IC:\dev\3rdParty\OpenSSL\3.0.5\include /IC:\dev\3rdParty\libssh2\1.10.0.0\include /Zi /W1 /WX- /diagnostics:column /Od /Ob0 /Oy- /D _MBCS /D WIN32 /D _WINDOWS /D _WIN32_WINNT=0x0600 /D _WINSOCKAPI_= /D "CMAKE_INTDIR=\"Debug\"" /Gm- /RTC1 /MDd /GS /fp:precise /Zc:wchar_t /Zc:forScope /Zc:inline /Fo"cmTC_ca5dc.dir\Debug\\" /Fd"cmTC_ca5dc.dir\Debug\vc143.pdb" /external:W1 /Gd /TC /analyze- /errorReport:queue C:\dev\3rdParty\libcurl\7.81.0\build\CMakeFiles\CMakeTmp\CheckSymbolExists.c
C:\dev\3rdParty\libcurl\7.81.0\build\CMakeFiles\CMakeTmp\CheckSymbolExists.c(32,25): error C2065: 'usleep': undeclared identifier [C:\dev\3rdParty\libcurl\7.81.0\build\CMakeFiles\CMakeTmp\cmTC_ca5dc.vcxproj]


File C:/dev/3rdParty/libcurl/7.81.0/build/CMakeFiles/CMakeTmp/CheckSymbolExists.c:
/* */
#include <C:/dev/3rdParty/libssh2/1.10.0.0/include/libssh2.h>
#include <windows.h>
#include <ws2tcpip.h>
#include <winsock2.h>
#include <wincrypt.h>
#include <stdio.h>
#include <sys/stat.h>
#include <sys/types.h>
#include <sys/utime.h>
#include <assert.h>
#include <errno.h>
#include <fcntl.h>
#include <io.h>
#include <locale.h>
#include <setjmp.h>
#include <signal.h>
#include <stdbool.h>
#include <stdio.h>
#include <stdlib.h>
#include <string.h>
#include <time.h>
#include <process.h>
#include <stddef.h>
#include <malloc.h>
#include <memory.h>

int main(int argc, char** argv)
{
  (void)argv;
#ifndef usleep
  return ((int*)(&usleep))[argc];
#else
  (void)argc;
  return 0;
#endif
}
Determining if the strerror_r exist failed with the following output:
Change Dir: C:/dev/3rdParty/libcurl/7.81.0/build/CMakeFiles/CMakeTmp

Run Build Command(s):C:/Program Files/Microsoft Visual Studio/2022/Professional/MSBuild/Current/Bin/amd64/MSBuild.exe cmTC_abf97.vcxproj /p:Configuration=Debug /p:Platform=Win32 /p:VisualStudioVersion=17.0 /v:m && Microsoft (R) Build Engine version 17.1.0+ae57d105c for .NET Framework
Copyright (C) Microsoft Corporation. All rights reserved.

  Microsoft (R) C/C++ Optimizing Compiler Version 19.31.31107 for x86
  Copyright (C) Microsoft Corporation.  All rights reserved.
  CheckSymbolExists.c
  cl /c /IC:\dev\3rdParty\OpenSSL\3.0.5\include /IC:\dev\3rdParty\libssh2\1.10.0.0\include /Zi /W1 /WX- /diagnostics:column /Od /Ob0 /Oy- /D _MBCS /D WIN32 /D _WINDOWS /D _WIN32_WINNT=0x0600 /D _WINSOCKAPI_= /D "CMAKE_INTDIR=\"Debug\"" /Gm- /RTC1 /MDd /GS /fp:precise /Zc:wchar_t /Zc:forScope /Zc:inline /Fo"cmTC_abf97.dir\Debug\\" /Fd"cmTC_abf97.dir\Debug\vc143.pdb" /external:W1 /Gd /TC /analyze- /errorReport:queue C:\dev\3rdParty\libcurl\7.81.0\build\CMakeFiles\CMakeTmp\CheckSymbolExists.c
C:\dev\3rdParty\libcurl\7.81.0\build\CMakeFiles\CMakeTmp\CheckSymbolExists.c(32,29): error C2065: 'strerror_r': undeclared identifier [C:\dev\3rdParty\libcurl\7.81.0\build\CMakeFiles\CMakeTmp\cmTC_abf97.vcxproj]


File C:/dev/3rdParty/libcurl/7.81.0/build/CMakeFiles/CMakeTmp/CheckSymbolExists.c:
/* */
#include <C:/dev/3rdParty/libssh2/1.10.0.0/include/libssh2.h>
#include <windows.h>
#include <ws2tcpip.h>
#include <winsock2.h>
#include <wincrypt.h>
#include <stdio.h>
#include <sys/stat.h>
#include <sys/types.h>
#include <sys/utime.h>
#include <assert.h>
#include <errno.h>
#include <fcntl.h>
#include <io.h>
#include <locale.h>
#include <setjmp.h>
#include <signal.h>
#include <stdbool.h>
#include <stdio.h>
#include <stdlib.h>
#include <string.h>
#include <time.h>
#include <process.h>
#include <stddef.h>
#include <malloc.h>
#include <memory.h>

int main(int argc, char** argv)
{
  (void)argv;
#ifndef strerror_r
  return ((int*)(&strerror_r))[argc];
#else
  (void)argc;
  return 0;
#endif
}
Determining if the siginterrupt exist failed with the following output:
Change Dir: C:/dev/3rdParty/libcurl/7.81.0/build/CMakeFiles/CMakeTmp

Run Build Command(s):C:/Program Files/Microsoft Visual Studio/2022/Professional/MSBuild/Current/Bin/amd64/MSBuild.exe cmTC_b27a0.vcxproj /p:Configuration=Debug /p:Platform=Win32 /p:VisualStudioVersion=17.0 /v:m && Microsoft (R) Build Engine version 17.1.0+ae57d105c for .NET Framework
Copyright (C) Microsoft Corporation. All rights reserved.

  Microsoft (R) C/C++ Optimizing Compiler Version 19.31.31107 for x86
  CheckSymbolExists.c
  Copyright (C) Microsoft Corporation.  All rights reserved.
  cl /c /IC:\dev\3rdParty\OpenSSL\3.0.5\include /IC:\dev\3rdParty\libssh2\1.10.0.0\include /Zi /W1 /WX- /diagnostics:column /Od /Ob0 /Oy- /D _MBCS /D WIN32 /D _WINDOWS /D _WIN32_WINNT=0x0600 /D _WINSOCKAPI_= /D "CMAKE_INTDIR=\"Debug\"" /Gm- /RTC1 /MDd /GS /fp:precise /Zc:wchar_t /Zc:forScope /Zc:inline /Fo"cmTC_b27a0.dir\Debug\\" /Fd"cmTC_b27a0.dir\Debug\vc143.pdb" /external:W1 /Gd /TC /analyze- /errorReport:queue C:\dev\3rdParty\libcurl\7.81.0\build\CMakeFiles\CMakeTmp\CheckSymbolExists.c
C:\dev\3rdParty\libcurl\7.81.0\build\CMakeFiles\CMakeTmp\CheckSymbolExists.c(32,31): error C2065: 'siginterrupt': undeclared identifier [C:\dev\3rdParty\libcurl\7.81.0\build\CMakeFiles\CMakeTmp\cmTC_b27a0.vcxproj]


File C:/dev/3rdParty/libcurl/7.81.0/build/CMakeFiles/CMakeTmp/CheckSymbolExists.c:
/* */
#include <C:/dev/3rdParty/libssh2/1.10.0.0/include/libssh2.h>
#include <windows.h>
#include <ws2tcpip.h>
#include <winsock2.h>
#include <wincrypt.h>
#include <stdio.h>
#include <sys/stat.h>
#include <sys/types.h>
#include <sys/utime.h>
#include <assert.h>
#include <errno.h>
#include <fcntl.h>
#include <io.h>
#include <locale.h>
#include <setjmp.h>
#include <signal.h>
#include <stdbool.h>
#include <stdio.h>
#include <stdlib.h>
#include <string.h>
#include <time.h>
#include <process.h>
#include <stddef.h>
#include <malloc.h>
#include <memory.h>

int main(int argc, char** argv)
{
  (void)argv;
#ifndef siginterrupt
  return ((int*)(&siginterrupt))[argc];
#else
  (void)argc;
  return 0;
#endif
}
Determining if the pipe exist failed with the following output:
Change Dir: C:/dev/3rdParty/libcurl/7.81.0/build/CMakeFiles/CMakeTmp

Run Build Command(s):C:/Program Files/Microsoft Visual Studio/2022/Professional/MSBuild/Current/Bin/amd64/MSBuild.exe cmTC_e37f0.vcxproj /p:Configuration=Debug /p:Platform=Win32 /p:VisualStudioVersion=17.0 /v:m && Microsoft (R) Build Engine version 17.1.0+ae57d105c for .NET Framework
Copyright (C) Microsoft Corporation. All rights reserved.

  Microsoft (R) C/C++ Optimizing Compiler Version 19.31.31107 for x86
  Copyright (C) Microsoft Corporation.  All rights reserved.
  CheckSymbolExists.c
  cl /c /IC:\dev\3rdParty\OpenSSL\3.0.5\include /IC:\dev\3rdParty\libssh2\1.10.0.0\include /Zi /W1 /WX- /diagnostics:column /Od /Ob0 /Oy- /D _MBCS /D WIN32 /D _WINDOWS /D _WIN32_WINNT=0x0600 /D _WINSOCKAPI_= /D "CMAKE_INTDIR=\"Debug\"" /Gm- /RTC1 /MDd /GS /fp:precise /Zc:wchar_t /Zc:forScope /Zc:inline /Fo"cmTC_e37f0.dir\Debug\\" /Fd"cmTC_e37f0.dir\Debug\vc143.pdb" /external:W1 /Gd /TC /analyze- /errorReport:queue C:\dev\3rdParty\libcurl\7.81.0\build\CMakeFiles\CMakeTmp\CheckSymbolExists.c
C:\dev\3rdParty\libcurl\7.81.0\build\CMakeFiles\CMakeTmp\CheckSymbolExists.c(32,23): error C2065: 'pipe': undeclared identifier [C:\dev\3rdParty\libcurl\7.81.0\build\CMakeFiles\CMakeTmp\cmTC_e37f0.vcxproj]


File C:/dev/3rdParty/libcurl/7.81.0/build/CMakeFiles/CMakeTmp/CheckSymbolExists.c:
/* */
#include <C:/dev/3rdParty/libssh2/1.10.0.0/include/libssh2.h>
#include <windows.h>
#include <ws2tcpip.h>
#include <winsock2.h>
#include <wincrypt.h>
#include <stdio.h>
#include <sys/stat.h>
#include <sys/types.h>
#include <sys/utime.h>
#include <assert.h>
#include <errno.h>
#include <fcntl.h>
#include <io.h>
#include <locale.h>
#include <setjmp.h>
#include <signal.h>
#include <stdbool.h>
#include <stdio.h>
#include <stdlib.h>
#include <string.h>
#include <time.h>
#include <process.h>
#include <stddef.h>
#include <malloc.h>
#include <memory.h>

int main(int argc, char** argv)
{
  (void)argv;
#ifndef pipe
  return ((int*)(&pipe))[argc];
#else
  (void)argc;
  return 0;
#endif
}
Determining if the ftruncate exist failed with the following output:
Change Dir: C:/dev/3rdParty/libcurl/7.81.0/build/CMakeFiles/CMakeTmp

Run Build Command(s):C:/Program Files/Microsoft Visual Studio/2022/Professional/MSBuild/Current/Bin/amd64/MSBuild.exe cmTC_6ed3b.vcxproj /p:Configuration=Debug /p:Platform=Win32 /p:VisualStudioVersion=17.0 /v:m && Microsoft (R) Build Engine version 17.1.0+ae57d105c for .NET Framework
Copyright (C) Microsoft Corporation. All rights reserved.

  Microsoft (R) C/C++ Optimizing Compiler Version 19.31.31107 for x86
  CheckSymbolExists.c
  Copyright (C) Microsoft Corporation.  All rights reserved.
  cl /c /IC:\dev\3rdParty\OpenSSL\3.0.5\include /IC:\dev\3rdParty\libssh2\1.10.0.0\include /Zi /W1 /WX- /diagnostics:column /Od /Ob0 /Oy- /D _MBCS /D WIN32 /D _WINDOWS /D _WIN32_WINNT=0x0600 /D _WINSOCKAPI_= /D "CMAKE_INTDIR=\"Debug\"" /Gm- /RTC1 /MDd /GS /fp:precise /Zc:wchar_t /Zc:forScope /Zc:inline /Fo"cmTC_6ed3b.dir\Debug\\" /Fd"cmTC_6ed3b.dir\Debug\vc143.pdb" /external:W1 /Gd /TC /analyze- /errorReport:queue C:\dev\3rdParty\libcurl\7.81.0\build\CMakeFiles\CMakeTmp\CheckSymbolExists.c
C:\dev\3rdParty\libcurl\7.81.0\build\CMakeFiles\CMakeTmp\CheckSymbolExists.c(32,28): error C2065: 'ftruncate': undeclared identifier [C:\dev\3rdParty\libcurl\7.81.0\build\CMakeFiles\CMakeTmp\cmTC_6ed3b.vcxproj]


File C:/dev/3rdParty/libcurl/7.81.0/build/CMakeFiles/CMakeTmp/CheckSymbolExists.c:
/* */
#include <C:/dev/3rdParty/libssh2/1.10.0.0/include/libssh2.h>
#include <windows.h>
#include <ws2tcpip.h>
#include <winsock2.h>
#include <wincrypt.h>
#include <stdio.h>
#include <sys/stat.h>
#include <sys/types.h>
#include <sys/utime.h>
#include <assert.h>
#include <errno.h>
#include <fcntl.h>
#include <io.h>
#include <locale.h>
#include <setjmp.h>
#include <signal.h>
#include <stdbool.h>
#include <stdio.h>
#include <stdlib.h>
#include <string.h>
#include <time.h>
#include <process.h>
#include <stddef.h>
#include <malloc.h>
#include <memory.h>

int main(int argc, char** argv)
{
  (void)argv;
#ifndef ftruncate
  return ((int*)(&ftruncate))[argc];
#else
  (void)argc;
  return 0;
#endif
}
Determining if the if_nametoindex exist failed with the following output:
Change Dir: C:/dev/3rdParty/libcurl/7.81.0/build/CMakeFiles/CMakeTmp

Run Build Command(s):C:/Program Files/Microsoft Visual Studio/2022/Professional/MSBuild/Current/Bin/amd64/MSBuild.exe cmTC_bcbf7.vcxproj /p:Configuration=Debug /p:Platform=Win32 /p:VisualStudioVersion=17.0 /v:m && Microsoft (R) Build Engine version 17.1.0+ae57d105c for .NET Framework
Copyright (C) Microsoft Corporation. All rights reserved.

  Microsoft (R) C/C++ Optimizing Compiler Version 19.31.31107 for x86
  CheckSymbolExists.c
  Copyright (C) Microsoft Corporation.  All rights reserved.
  cl /c /IC:\dev\3rdParty\OpenSSL\3.0.5\include /IC:\dev\3rdParty\libssh2\1.10.0.0\include /Zi /W1 /WX- /diagnostics:column /Od /Ob0 /Oy- /D _MBCS /D WIN32 /D _WINDOWS /D _WIN32_WINNT=0x0600 /D _WINSOCKAPI_= /D "CMAKE_INTDIR=\"Debug\"" /Gm- /RTC1 /MDd /GS /fp:precise /Zc:wchar_t /Zc:forScope /Zc:inline /Fo"cmTC_bcbf7.dir\Debug\\" /Fd"cmTC_bcbf7.dir\Debug\vc143.pdb" /external:W1 /Gd /TC /analyze- /errorReport:queue C:\dev\3rdParty\libcurl\7.81.0\build\CMakeFiles\CMakeTmp\CheckSymbolExists.c
C:\dev\3rdParty\libcurl\7.81.0\build\CMakeFiles\CMakeTmp\CheckSymbolExists.c(32,33): error C2065: 'if_nametoindex': undeclared identifier [C:\dev\3rdParty\libcurl\7.81.0\build\CMakeFiles\CMakeTmp\cmTC_bcbf7.vcxproj]


File C:/dev/3rdParty/libcurl/7.81.0/build/CMakeFiles/CMakeTmp/CheckSymbolExists.c:
/* */
#include <C:/dev/3rdParty/libssh2/1.10.0.0/include/libssh2.h>
#include <windows.h>
#include <ws2tcpip.h>
#include <winsock2.h>
#include <wincrypt.h>
#include <stdio.h>
#include <sys/stat.h>
#include <sys/types.h>
#include <sys/utime.h>
#include <assert.h>
#include <errno.h>
#include <fcntl.h>
#include <io.h>
#include <locale.h>
#include <setjmp.h>
#include <signal.h>
#include <stdbool.h>
#include <stdio.h>
#include <stdlib.h>
#include <string.h>
#include <time.h>
#include <process.h>
#include <stddef.h>
#include <malloc.h>
#include <memory.h>

int main(int argc, char** argv)
{
  (void)argv;
#ifndef if_nametoindex
  return ((int*)(&if_nametoindex))[argc];
#else
  (void)argc;
  return 0;
#endif
}
Determining if the getrlimit exist failed with the following output:
Change Dir: C:/dev/3rdParty/libcurl/7.81.0/build/CMakeFiles/CMakeTmp

Run Build Command(s):C:/Program Files/Microsoft Visual Studio/2022/Professional/MSBuild/Current/Bin/amd64/MSBuild.exe cmTC_b72bd.vcxproj /p:Configuration=Debug /p:Platform=Win32 /p:VisualStudioVersion=17.0 /v:m && Microsoft (R) Build Engine version 17.1.0+ae57d105c for .NET Framework
Copyright (C) Microsoft Corporation. All rights reserved.

  Microsoft (R) C/C++ Optimizing Compiler Version 19.31.31107 for x86
  Copyright (C) Microsoft Corporation.  All rights reserved.
  CheckSymbolExists.c
  cl /c /IC:\dev\3rdParty\OpenSSL\3.0.5\include /IC:\dev\3rdParty\libssh2\1.10.0.0\include /Zi /W1 /WX- /diagnostics:column /Od /Ob0 /Oy- /D _MBCS /D WIN32 /D _WINDOWS /D _WIN32_WINNT=0x0600 /D _WINSOCKAPI_= /D "CMAKE_INTDIR=\"Debug\"" /Gm- /RTC1 /MDd /GS /fp:precise /Zc:wchar_t /Zc:forScope /Zc:inline /Fo"cmTC_b72bd.dir\Debug\\" /Fd"cmTC_b72bd.dir\Debug\vc143.pdb" /external:W1 /Gd /TC /analyze- /errorReport:queue C:\dev\3rdParty\libcurl\7.81.0\build\CMakeFiles\CMakeTmp\CheckSymbolExists.c
C:\dev\3rdParty\libcurl\7.81.0\build\CMakeFiles\CMakeTmp\CheckSymbolExists.c(32,28): error C2065: 'getrlimit': undeclared identifier [C:\dev\3rdParty\libcurl\7.81.0\build\CMakeFiles\CMakeTmp\cmTC_b72bd.vcxproj]


File C:/dev/3rdParty/libcurl/7.81.0/build/CMakeFiles/CMakeTmp/CheckSymbolExists.c:
/* */
#include <C:/dev/3rdParty/libssh2/1.10.0.0/include/libssh2.h>
#include <windows.h>
#include <ws2tcpip.h>
#include <winsock2.h>
#include <wincrypt.h>
#include <stdio.h>
#include <sys/stat.h>
#include <sys/types.h>
#include <sys/utime.h>
#include <assert.h>
#include <errno.h>
#include <fcntl.h>
#include <io.h>
#include <locale.h>
#include <setjmp.h>
#include <signal.h>
#include <stdbool.h>
#include <stdio.h>
#include <stdlib.h>
#include <string.h>
#include <time.h>
#include <process.h>
#include <stddef.h>
#include <malloc.h>
#include <memory.h>

int main(int argc, char** argv)
{
  (void)argv;
#ifndef getrlimit
  return ((int*)(&getrlimit))[argc];
#else
  (void)argc;
  return 0;
#endif
}
Determining if the setrlimit exist failed with the following output:
Change Dir: C:/dev/3rdParty/libcurl/7.81.0/build/CMakeFiles/CMakeTmp

Run Build Command(s):C:/Program Files/Microsoft Visual Studio/2022/Professional/MSBuild/Current/Bin/amd64/MSBuild.exe cmTC_1ca83.vcxproj /p:Configuration=Debug /p:Platform=Win32 /p:VisualStudioVersion=17.0 /v:m && Microsoft (R) Build Engine version 17.1.0+ae57d105c for .NET Framework
Copyright (C) Microsoft Corporation. All rights reserved.

  Microsoft (R) C/C++ Optimizing Compiler Version 19.31.31107 for x86
  Copyright (C) Microsoft Corporation.  All rights reserved.
  CheckSymbolExists.c
  cl /c /IC:\dev\3rdParty\OpenSSL\3.0.5\include /IC:\dev\3rdParty\libssh2\1.10.0.0\include /Zi /W1 /WX- /diagnostics:column /Od /Ob0 /Oy- /D _MBCS /D WIN32 /D _WINDOWS /D _WIN32_WINNT=0x0600 /D _WINSOCKAPI_= /D "CMAKE_INTDIR=\"Debug\"" /Gm- /RTC1 /MDd /GS /fp:precise /Zc:wchar_t /Zc:forScope /Zc:inline /Fo"cmTC_1ca83.dir\Debug\\" /Fd"cmTC_1ca83.dir\Debug\vc143.pdb" /external:W1 /Gd /TC /analyze- /errorReport:queue C:\dev\3rdParty\libcurl\7.81.0\build\CMakeFiles\CMakeTmp\CheckSymbolExists.c
C:\dev\3rdParty\libcurl\7.81.0\build\CMakeFiles\CMakeTmp\CheckSymbolExists.c(32,28): error C2065: 'setrlimit': undeclared identifier [C:\dev\3rdParty\libcurl\7.81.0\build\CMakeFiles\CMakeTmp\cmTC_1ca83.vcxproj]


File C:/dev/3rdParty/libcurl/7.81.0/build/CMakeFiles/CMakeTmp/CheckSymbolExists.c:
/* */
#include <C:/dev/3rdParty/libssh2/1.10.0.0/include/libssh2.h>
#include <windows.h>
#include <ws2tcpip.h>
#include <winsock2.h>
#include <wincrypt.h>
#include <stdio.h>
#include <sys/stat.h>
#include <sys/types.h>
#include <sys/utime.h>
#include <assert.h>
#include <errno.h>
#include <fcntl.h>
#include <io.h>
#include <locale.h>
#include <setjmp.h>
#include <signal.h>
#include <stdbool.h>
#include <stdio.h>
#include <stdlib.h>
#include <string.h>
#include <time.h>
#include <process.h>
#include <stddef.h>
#include <malloc.h>
#include <memory.h>

int main(int argc, char** argv)
{
  (void)argv;
#ifndef setrlimit
  return ((int*)(&setrlimit))[argc];
#else
  (void)argc;
  return 0;
#endif
}
Determining if the fcntl exist failed with the following output:
Change Dir: C:/dev/3rdParty/libcurl/7.81.0/build/CMakeFiles/CMakeTmp

Run Build Command(s):C:/Program Files/Microsoft Visual Studio/2022/Professional/MSBuild/Current/Bin/amd64/MSBuild.exe cmTC_f61b5.vcxproj /p:Configuration=Debug /p:Platform=Win32 /p:VisualStudioVersion=17.0 /v:m && Microsoft (R) Build Engine version 17.1.0+ae57d105c for .NET Framework
Copyright (C) Microsoft Corporation. All rights reserved.

  Microsoft (R) C/C++ Optimizing Compiler Version 19.31.31107 for x86
  Copyright (C) Microsoft Corporation.  All rights reserved.
  CheckSymbolExists.c
  cl /c /IC:\dev\3rdParty\OpenSSL\3.0.5\include /IC:\dev\3rdParty\libssh2\1.10.0.0\include /Zi /W1 /WX- /diagnostics:column /Od /Ob0 /Oy- /D _MBCS /D WIN32 /D _WINDOWS /D _WIN32_WINNT=0x0600 /D _WINSOCKAPI_= /D "CMAKE_INTDIR=\"Debug\"" /Gm- /RTC1 /MDd /GS /fp:precise /Zc:wchar_t /Zc:forScope /Zc:inline /Fo"cmTC_f61b5.dir\Debug\\" /Fd"cmTC_f61b5.dir\Debug\vc143.pdb" /external:W1 /Gd /TC /analyze- /errorReport:queue C:\dev\3rdParty\libcurl\7.81.0\build\CMakeFiles\CMakeTmp\CheckSymbolExists.c
C:\dev\3rdParty\libcurl\7.81.0\build\CMakeFiles\CMakeTmp\CheckSymbolExists.c(32,24): error C2065: 'fcntl': undeclared identifier [C:\dev\3rdParty\libcurl\7.81.0\build\CMakeFiles\CMakeTmp\cmTC_f61b5.vcxproj]


File C:/dev/3rdParty/libcurl/7.81.0/build/CMakeFiles/CMakeTmp/CheckSymbolExists.c:
/* */
#include <C:/dev/3rdParty/libssh2/1.10.0.0/include/libssh2.h>
#include <windows.h>
#include <ws2tcpip.h>
#include <winsock2.h>
#include <wincrypt.h>
#include <stdio.h>
#include <sys/stat.h>
#include <sys/types.h>
#include <sys/utime.h>
#include <assert.h>
#include <errno.h>
#include <fcntl.h>
#include <io.h>
#include <locale.h>
#include <setjmp.h>
#include <signal.h>
#include <stdbool.h>
#include <stdio.h>
#include <stdlib.h>
#include <string.h>
#include <time.h>
#include <process.h>
#include <stddef.h>
#include <malloc.h>
#include <memory.h>

int main(int argc, char** argv)
{
  (void)argv;
#ifndef fcntl
  return ((int*)(&fcntl))[argc];
#else
  (void)argc;
  return 0;
#endif
}
Determining if the ioctl exist failed with the following output:
Change Dir: C:/dev/3rdParty/libcurl/7.81.0/build/CMakeFiles/CMakeTmp

Run Build Command(s):C:/Program Files/Microsoft Visual Studio/2022/Professional/MSBuild/Current/Bin/amd64/MSBuild.exe cmTC_c3676.vcxproj /p:Configuration=Debug /p:Platform=Win32 /p:VisualStudioVersion=17.0 /v:m && Microsoft (R) Build Engine version 17.1.0+ae57d105c for .NET Framework
Copyright (C) Microsoft Corporation. All rights reserved.

  Microsoft (R) C/C++ Optimizing Compiler Version 19.31.31107 for x86
  Copyright (C) Microsoft Corporation.  All rights reserved.
  CheckSymbolExists.c
  cl /c /IC:\dev\3rdParty\OpenSSL\3.0.5\include /IC:\dev\3rdParty\libssh2\1.10.0.0\include /Zi /W1 /WX- /diagnostics:column /Od /Ob0 /Oy- /D _MBCS /D WIN32 /D _WINDOWS /D _WIN32_WINNT=0x0600 /D _WINSOCKAPI_= /D "CMAKE_INTDIR=\"Debug\"" /Gm- /RTC1 /MDd /GS /fp:precise /Zc:wchar_t /Zc:forScope /Zc:inline /Fo"cmTC_c3676.dir\Debug\\" /Fd"cmTC_c3676.dir\Debug\vc143.pdb" /external:W1 /Gd /TC /analyze- /errorReport:queue C:\dev\3rdParty\libcurl\7.81.0\build\CMakeFiles\CMakeTmp\CheckSymbolExists.c
C:\dev\3rdParty\libcurl\7.81.0\build\CMakeFiles\CMakeTmp\CheckSymbolExists.c(32,24): error C2065: 'ioctl': undeclared identifier [C:\dev\3rdParty\libcurl\7.81.0\build\CMakeFiles\CMakeTmp\cmTC_c3676.vcxproj]


File C:/dev/3rdParty/libcurl/7.81.0/build/CMakeFiles/CMakeTmp/CheckSymbolExists.c:
/* */
#include <C:/dev/3rdParty/libssh2/1.10.0.0/include/libssh2.h>
#include <windows.h>
#include <ws2tcpip.h>
#include <winsock2.h>
#include <wincrypt.h>
#include <stdio.h>
#include <sys/stat.h>
#include <sys/types.h>
#include <sys/utime.h>
#include <assert.h>
#include <errno.h>
#include <fcntl.h>
#include <io.h>
#include <locale.h>
#include <setjmp.h>
#include <signal.h>
#include <stdbool.h>
#include <stdio.h>
#include <stdlib.h>
#include <string.h>
#include <time.h>
#include <process.h>
#include <stddef.h>
#include <malloc.h>
#include <memory.h>

int main(int argc, char** argv)
{
  (void)argv;
#ifndef ioctl
  return ((int*)(&ioctl))[argc];
#else
  (void)argc;
  return 0;
#endif
}
Determining if the function mach_absolute_time exists failed with the following output:
Change Dir: C:/dev/3rdParty/libcurl/7.81.0/build/CMakeFiles/CMakeTmp

Run Build Command(s):C:/Program Files/Microsoft Visual Studio/2022/Professional/MSBuild/Current/Bin/amd64/MSBuild.exe cmTC_82d76.vcxproj /p:Configuration=Debug /p:Platform=Win32 /p:VisualStudioVersion=17.0 /v:m && Microsoft (R) Build Engine version 17.1.0+ae57d105c for .NET Framework
Copyright (C) Microsoft Corporation. All rights reserved.

  Microsoft (R) C/C++ Optimizing Compiler Version 19.31.31107 for x86
  CheckFunctionExists.c
  Copyright (C) Microsoft Corporation.  All rights reserved.
  cl /c /IC:\dev\3rdParty\OpenSSL\3.0.5\include /IC:\dev\3rdParty\libssh2\1.10.0.0\include /Zi /W1 /WX- /diagnostics:column /Od /Ob0 /Oy- /D _MBCS /D WIN32 /D _WINDOWS /D CHECK_FUNCTION_EXISTS=mach_absolute_time /D _WIN32_WINNT=0x0600 /D _WINSOCKAPI_= /D "CMAKE_INTDIR=\"Debug\"" /Gm- /RTC1 /MDd /GS /fp:precise /Zc:wchar_t /Zc:forScope /Zc:inline /Fo"cmTC_82d76.dir\Debug\\" /Fd"cmTC_82d76.dir\Debug\vc143.pdb" /external:W1 /Gd /TC /analyze- /errorReport:queue "C:\dev\3rdParty\CMake\3.21.4\share\cmake-3.21\Modules\CheckFunctionExists.c"
CheckFunctionExists.obj : error LNK2019: unresolved external symbol _mach_absolute_time referenced in function _main [C:\dev\3rdParty\libcurl\7.81.0\build\CMakeFiles\CMakeTmp\cmTC_82d76.vcxproj]
C:\dev\3rdParty\libcurl\7.81.0\build\CMakeFiles\CMakeTmp\Debug\cmTC_82d76.exe : fatal error LNK1120: 1 unresolved externals [C:\dev\3rdParty\libcurl\7.81.0\build\CMakeFiles\CMakeTmp\cmTC_82d76.vcxproj]



Determining if the fsetxattr exist failed with the following output:
Change Dir: C:/dev/3rdParty/libcurl/7.81.0/build/CMakeFiles/CMakeTmp

Run Build Command(s):C:/Program Files/Microsoft Visual Studio/2022/Professional/MSBuild/Current/Bin/amd64/MSBuild.exe cmTC_9da7d.vcxproj /p:Configuration=Debug /p:Platform=Win32 /p:VisualStudioVersion=17.0 /v:m && Microsoft (R) Build Engine version 17.1.0+ae57d105c for .NET Framework
Copyright (C) Microsoft Corporation. All rights reserved.

  Microsoft (R) C/C++ Optimizing Compiler Version 19.31.31107 for x86
  CheckSymbolExists.c
  Copyright (C) Microsoft Corporation.  All rights reserved.
  cl /c /IC:\dev\3rdParty\OpenSSL\3.0.5\include /IC:\dev\3rdParty\libssh2\1.10.0.0\include /Zi /W1 /WX- /diagnostics:column /Od /Ob0 /Oy- /D _MBCS /D WIN32 /D _WINDOWS /D _WIN32_WINNT=0x0600 /D _WINSOCKAPI_= /D "CMAKE_INTDIR=\"Debug\"" /Gm- /RTC1 /MDd /GS /fp:precise /Zc:wchar_t /Zc:forScope /Zc:inline /Fo"cmTC_9da7d.dir\Debug\\" /Fd"cmTC_9da7d.dir\Debug\vc143.pdb" /external:W1 /Gd /TC /analyze- /errorReport:queue C:\dev\3rdParty\libcurl\7.81.0\build\CMakeFiles\CMakeTmp\CheckSymbolExists.c
C:\dev\3rdParty\libcurl\7.81.0\build\CMakeFiles\CMakeTmp\CheckSymbolExists.c(32,28): error C2065: 'fsetxattr': undeclared identifier [C:\dev\3rdParty\libcurl\7.81.0\build\CMakeFiles\CMakeTmp\cmTC_9da7d.vcxproj]


File C:/dev/3rdParty/libcurl/7.81.0/build/CMakeFiles/CMakeTmp/CheckSymbolExists.c:
/* */
#include <C:/dev/3rdParty/libssh2/1.10.0.0/include/libssh2.h>
#include <windows.h>
#include <ws2tcpip.h>
#include <winsock2.h>
#include <wincrypt.h>
#include <stdio.h>
#include <sys/stat.h>
#include <sys/types.h>
#include <sys/utime.h>
#include <assert.h>
#include <errno.h>
#include <fcntl.h>
#include <io.h>
#include <locale.h>
#include <setjmp.h>
#include <signal.h>
#include <stdbool.h>
#include <stdio.h>
#include <stdlib.h>
#include <string.h>
#include <time.h>
#include <process.h>
#include <stddef.h>
#include <malloc.h>
#include <memory.h>

int main(int argc, char** argv)
{
  (void)argv;
#ifndef fsetxattr
  return ((int*)(&fsetxattr))[argc];
#else
  (void)argc;
  return 0;
#endif
}
Determining size of sa_family_t failed with the following output:
Change Dir: C:/dev/3rdParty/libcurl/7.81.0/build/CMakeFiles/CMakeTmp

Run Build Command(s):C:/Program Files/Microsoft Visual Studio/2022/Professional/MSBuild/Current/Bin/amd64/MSBuild.exe cmTC_1b263.vcxproj /p:Configuration=Debug /p:Platform=Win32 /p:VisualStudioVersion=17.0 /v:m && Microsoft (R) Build Engine version 17.1.0+ae57d105c for .NET Framework
Copyright (C) Microsoft Corporation. All rights reserved.

  Microsoft (R) C/C++ Optimizing Compiler Version 19.31.31107 for x86
  Copyright (C) Microsoft Corporation.  All rights reserved.
  SIZEOF_SA_FAMILY_T.c
C:\dev\3rdParty\libcurl\7.81.0\build\CMakeFiles\CheckTypeSize\SIZEOF_SA_FAMILY_T.c(3,10): fatal error C1083: Cannot open include file: 'sys/socket.h': No such file or directory [C:\dev\3rdParty\libcurl\7.81.0\build\CMakeFiles\CMakeTmp\cmTC_1b263.vcxproj]
  cl /c /IC:\dev\3rdParty\OpenSSL\3.0.5\include /IC:\dev\3rdParty\libssh2\1.10.0.0\include /Zi /W1 /WX- /diagnostics:column /Od /Ob0 /Oy- /D _MBCS /D WIN32 /D _WINDOWS /D _WIN32_WINNT=0x0600 /D _WINSOCKAPI_= /D "CMAKE_INTDIR=\"Debug\"" /Gm- /RTC1 /MDd /GS /fp:precise /Zc:wchar_t /Zc:forScope /Zc:inline /Fo"cmTC_1b263.dir\Debug\\" /Fd"cmTC_1b263.dir\Debug\vc143.pdb" /external:W1 /Gd /TC /analyze- /errorReport:queue C:\dev\3rdParty\libcurl\7.81.0\build\CMakeFiles\CheckTypeSize\SIZEOF_SA_FAMILY_T.c


C:/dev/3rdParty/libcurl/7.81.0/build/CMakeFiles/CheckTypeSize/SIZEOF_SA_FAMILY_T.c:
#include <sys/types.h>
#include <stddef.h>
#include "sys/socket.h"


#undef KEY
#if defined(__i386)
# define KEY '_','_','i','3','8','6'
#elif defined(__x86_64)
# define KEY '_','_','x','8','6','_','6','4'
#elif defined(__PPC64__)
# define KEY '_','_','P','P','C','6','4','_','_'
#elif defined(__ppc64__)
# define KEY '_','_','p','p','c','6','4','_','_'
#elif defined(__PPC__)
# define KEY '_','_','P','P','C','_','_'
#elif defined(__ppc__)
# define KEY '_','_','p','p','c','_','_'
#elif defined(__aarch64__)
# define KEY '_','_','a','a','r','c','h','6','4','_','_'
#elif defined(__ARM_ARCH_7A__)
# define KEY '_','_','A','R','M','_','A','R','C','H','_','7','A','_','_'
#elif defined(__ARM_ARCH_7S__)
# define KEY '_','_','A','R','M','_','A','R','C','H','_','7','S','_','_'
#endif

#define SIZE (sizeof(sa_family_t))
static char info_size[] =  {'I', 'N', 'F', 'O', ':', 's','i','z','e','[',
  ('0' + ((SIZE / 10000)%10)),
  ('0' + ((SIZE / 1000)%10)),
  ('0' + ((SIZE / 100)%10)),
  ('0' + ((SIZE / 10)%10)),
  ('0' +  (SIZE    % 10)),
  ']',
#ifdef KEY
  ' ','k','e','y','[', KEY, ']',
#endif
  '\0'};

#ifdef __CLASSIC_C__
int main(argc, argv) int argc; char *argv[];
#else
int main(int argc, char *argv[])
#endif
{
  int require = 0;
  require += info_size[argc];
  (void)argv;
  return require;
}


Determining size of ADDRESS_FAMILY failed with the following output:
Change Dir: C:/dev/3rdParty/libcurl/7.81.0/build/CMakeFiles/CMakeTmp

Run Build Command(s):C:/Program Files/Microsoft Visual Studio/2022/Professional/MSBuild/Current/Bin/amd64/MSBuild.exe cmTC_ed829.vcxproj /p:Configuration=Debug /p:Platform=Win32 /p:VisualStudioVersion=17.0 /v:m && Microsoft (R) Build Engine version 17.1.0+ae57d105c for .NET Framework
Copyright (C) Microsoft Corporation. All rights reserved.

  Microsoft (R) C/C++ Optimizing Compiler Version 19.31.31107 for x86
  SIZEOF_ADDRESS_FAMILY.c
  Copyright (C) Microsoft Corporation.  All rights reserved.
  cl /c /IC:\dev\3rdParty\OpenSSL\3.0.5\include /IC:\dev\3rdParty\libssh2\1.10.0.0\include /Zi /W1 /WX- /diagnostics:column /Od /Ob0 /Oy- /D _MBCS /D WIN32 /D _WINDOWS /D _WIN32_WINNT=0x0600 /D _WINSOCKAPI_= /D "CMAKE_INTDIR=\"Debug\"" /Gm- /RTC1 /MDd /GS /fp:precise /Zc:wchar_t /Zc:forScope /Zc:inline /Fo"cmTC_ed829.dir\Debug\\" /Fd"cmTC_ed829.dir\Debug\vc143.pdb" /external:W1 /Gd /TC /analyze- /errorReport:queue C:\dev\3rdParty\libcurl\7.81.0\build\CMakeFiles\CheckTypeSize\SIZEOF_ADDRESS_FAMILY.c
C:\Program Files (x86)\Windows Kits\10\Include\10.0.19041.0\shared\ws2def.h(47,1): fatal error C1189: #error:  Do not include winsock.h and ws2def.h in the same module. Instead include only winsock2.h. [C:\dev\3rdParty\libcurl\7.81.0\build\CMakeFiles\CMakeTmp\cmTC_ed829.vcxproj]


C:/dev/3rdParty/libcurl/7.81.0/build/CMakeFiles/CheckTypeSize/SIZEOF_ADDRESS_FAMILY.c:
#include <sys/types.h>
#include <stddef.h>
#include "ws2def.h"


#undef KEY
#if defined(__i386)
# define KEY '_','_','i','3','8','6'
#elif defined(__x86_64)
# define KEY '_','_','x','8','6','_','6','4'
#elif defined(__PPC64__)
# define KEY '_','_','P','P','C','6','4','_','_'
#elif defined(__ppc64__)
# define KEY '_','_','p','p','c','6','4','_','_'
#elif defined(__PPC__)
# define KEY '_','_','P','P','C','_','_'
#elif defined(__ppc__)
# define KEY '_','_','p','p','c','_','_'
#elif defined(__aarch64__)
# define KEY '_','_','a','a','r','c','h','6','4','_','_'
#elif defined(__ARM_ARCH_7A__)
# define KEY '_','_','A','R','M','_','A','R','C','H','_','7','A','_','_'
#elif defined(__ARM_ARCH_7S__)
# define KEY '_','_','A','R','M','_','A','R','C','H','_','7','S','_','_'
#endif

#define SIZE (sizeof(ADDRESS_FAMILY))
static char info_size[] =  {'I', 'N', 'F', 'O', ':', 's','i','z','e','[',
  ('0' + ((SIZE / 10000)%10)),
  ('0' + ((SIZE / 1000)%10)),
  ('0' + ((SIZE / 100)%10)),
  ('0' + ((SIZE / 10)%10)),
  ('0' +  (SIZE    % 10)),
  ']',
#ifdef KEY
  ' ','k','e','y','[', KEY, ']',
#endif
  '\0'};

#ifdef __CLASSIC_C__
int main(argc, argv) int argc; char *argv[];
#else
int main(int argc, char *argv[])
#endif
{
  int require = 0;
  require += info_size[argc];
  (void)argv;
  return require;
}


Performing Curl Test HAVE_FCNTL_O_NONBLOCK failed with the following output:
Change Dir: C:/dev/3rdParty/libcurl/7.81.0/build/CMakeFiles/CMakeTmp

Run Build Command(s):C:/Program Files/Microsoft Visual Studio/2022/Professional/MSBuild/Current/Bin/amd64/MSBuild.exe cmTC_2071c.vcxproj /p:Configuration=Debug /p:Platform=Win32 /p:VisualStudioVersion=17.0 /v:m && Microsoft (R) Build Engine version 17.1.0+ae57d105c for .NET Framework
Copyright (C) Microsoft Corporation. All rights reserved.

  Microsoft (R) C/C++ Optimizing Compiler Version 19.31.31107 for x86
  Copyright (C) Microsoft Corporation.  All rights reserved.
  CurlTests.c
  cl /c /Zi /W1 /WX- /diagnostics:column /Od /Ob0 /Oy- /D _MBCS /D WIN32 /D _WINDOWS /D HAVE_FCNTL_O_NONBLOCK /D HAVE_LIBSSH2_H /D HAVE_WINDOWS_H /D HAVE_WS2TCPIP_H /D HAVE_WINSOCK2_H /D HAVE_WINCRYPT_H /D HAVE_STDIO_H /D HAVE_SYS_STAT_H /D HAVE_SYS_TYPES_H /D HAVE_SYS_UTIME_H /D HAVE_ASSERT_H /D HAVE_ERRNO_H /D HAVE_FCNTL_H /D HAVE_IO_H /D HAVE_LOCALE_H /D HAVE_SETJMP_H /D HAVE_SIGNAL_H /D HAVE_STDBOOL_H /D HAVE_STDLIB_H /D HAVE_STRING_H /D HAVE_TIME_H /D HAVE_PROCESS_H /D HAVE_STDDEF_H /D HAVE_MALLOC_H /D HAVE_MEMORY_H /D "CMAKE_INTDIR=\"Debug\"" /Gm- /RTC1 /MDd /GS /fp:precise /Zc:wchar_t /Zc:forScope /Zc:inline /Fo"cmTC_2071c.dir\Debug\\" /Fd"cmTC_2071c.dir\Debug\vc143.pdb" /external:W1 /Gd /TC /analyze- /errorReport:queue C:\dev\3rdParty\libcurl\7.81.0\CMake\CurlTests.c
C:\dev\3rdParty\libcurl\7.81.0\CMake\CurlTests.c(44,10): fatal error C1083: Cannot open include file: 'unistd.h': No such file or directory [C:\dev\3rdParty\libcurl\7.81.0\build\CMakeFiles\CMakeTmp\cmTC_2071c.vcxproj]


Performing Curl Test HAVE_IOCTLSOCKET_CAMEL failed with the following output:
Change Dir: C:/dev/3rdParty/libcurl/7.81.0/build/CMakeFiles/CMakeTmp

Run Build Command(s):C:/Program Files/Microsoft Visual Studio/2022/Professional/MSBuild/Current/Bin/amd64/MSBuild.exe cmTC_2fe27.vcxproj /p:Configuration=Debug /p:Platform=Win32 /p:VisualStudioVersion=17.0 /v:m && Microsoft (R) Build Engine version 17.1.0+ae57d105c for .NET Framework
Copyright (C) Microsoft Corporation. All rights reserved.

  Microsoft (R) C/C++ Optimizing Compiler Version 19.31.31107 for x86
  Copyright (C) Microsoft Corporation.  All rights reserved.
  CurlTests.c
  cl /c /Zi /W1 /WX- /diagnostics:column /Od /Ob0 /Oy- /D _MBCS /D WIN32 /D _WINDOWS /D HAVE_IOCTLSOCKET_CAMEL /D HAVE_LIBSSH2_H /D HAVE_WINDOWS_H /D HAVE_WS2TCPIP_H /D HAVE_WINSOCK2_H /D HAVE_WINCRYPT_H /D HAVE_STDIO_H /D HAVE_SYS_STAT_H /D HAVE_SYS_TYPES_H /D HAVE_SYS_UTIME_H /D HAVE_ASSERT_H /D HAVE_ERRNO_H /D HAVE_FCNTL_H /D HAVE_IO_H /D HAVE_LOCALE_H /D HAVE_SETJMP_H /D HAVE_SIGNAL_H /D HAVE_STDBOOL_H /D HAVE_STDLIB_H /D HAVE_STRING_H /D HAVE_TIME_H /D HAVE_PROCESS_H /D HAVE_STDDEF_H /D HAVE_MALLOC_H /D HAVE_MEMORY_H /D "CMAKE_INTDIR=\"Debug\"" /Gm- /RTC1 /MDd /GS /fp:precise /Zc:wchar_t /Zc:forScope /Zc:inline /Fo"cmTC_2fe27.dir\Debug\\" /Fd"cmTC_2fe27.dir\Debug\vc143.pdb" /external:W1 /Gd /TC /analyze- /errorReport:queue C:\dev\3rdParty\libcurl\7.81.0\CMake\CurlTests.c
CurlTests.obj : error LNK2019: unresolved external symbol _IoctlSocket referenced in function _main [C:\dev\3rdParty\libcurl\7.81.0\build\CMakeFiles\CMakeTmp\cmTC_2fe27.vcxproj]
C:\dev\3rdParty\libcurl\7.81.0\build\CMakeFiles\CMakeTmp\Debug\cmTC_2fe27.exe : fatal error LNK1120: 1 unresolved externals [C:\dev\3rdParty\libcurl\7.81.0\build\CMakeFiles\CMakeTmp\cmTC_2fe27.vcxproj]


Performing Curl Test HAVE_IOCTLSOCKET_CAMEL_FIONBIO failed with the following output:
Change Dir: C:/dev/3rdParty/libcurl/7.81.0/build/CMakeFiles/CMakeTmp

Run Build Command(s):C:/Program Files/Microsoft Visual Studio/2022/Professional/MSBuild/Current/Bin/amd64/MSBuild.exe cmTC_e850c.vcxproj /p:Configuration=Debug /p:Platform=Win32 /p:VisualStudioVersion=17.0 /v:m && Microsoft (R) Build Engine version 17.1.0+ae57d105c for .NET Framework
Copyright (C) Microsoft Corporation. All rights reserved.

  Microsoft (R) C/C++ Optimizing Compiler Version 19.31.31107 for x86
  Copyright (C) Microsoft Corporation.  All rights reserved.
  CurlTests.c
  cl /c /Zi /W1 /WX- /diagnostics:column /Od /Ob0 /Oy- /D _MBCS /D WIN32 /D _WINDOWS /D HAVE_IOCTLSOCKET_CAMEL_FIONBIO /D HAVE_LIBSSH2_H /D HAVE_WINDOWS_H /D HAVE_WS2TCPIP_H /D HAVE_WINSOCK2_H /D HAVE_WINCRYPT_H /D HAVE_STDIO_H /D HAVE_SYS_STAT_H /D HAVE_SYS_TYPES_H /D HAVE_SYS_UTIME_H /D HAVE_ASSERT_H /D HAVE_ERRNO_H /D HAVE_FCNTL_H /D HAVE_IO_H /D HAVE_LOCALE_H /D HAVE_SETJMP_H /D HAVE_SIGNAL_H /D HAVE_STDBOOL_H /D HAVE_STDLIB_H /D HAVE_STRING_H /D HAVE_TIME_H /D HAVE_PROCESS_H /D HAVE_STDDEF_H /D HAVE_MALLOC_H /D HAVE_MEMORY_H /D "CMAKE_INTDIR=\"Debug\"" /Gm- /RTC1 /MDd /GS /fp:precise /Zc:wchar_t /Zc:forScope /Zc:inline /Fo"cmTC_e850c.dir\Debug\\" /Fd"cmTC_e850c.dir\Debug\vc143.pdb" /external:W1 /Gd /TC /analyze- /errorReport:queue C:\dev\3rdParty\libcurl\7.81.0\CMake\CurlTests.c
CurlTests.obj : error LNK2019: unresolved external symbol _IoctlSocket referenced in function _main [C:\dev\3rdParty\libcurl\7.81.0\build\CMakeFiles\CMakeTmp\cmTC_e850c.vcxproj]
C:\dev\3rdParty\libcurl\7.81.0\build\CMakeFiles\CMakeTmp\Debug\cmTC_e850c.exe : fatal error LNK1120: 1 unresolved externals [C:\dev\3rdParty\libcurl\7.81.0\build\CMakeFiles\CMakeTmp\cmTC_e850c.vcxproj]


Performing Curl Test HAVE_IOCTL_FIONBIO failed with the following output:
Change Dir: C:/dev/3rdParty/libcurl/7.81.0/build/CMakeFiles/CMakeTmp

Run Build Command(s):C:/Program Files/Microsoft Visual Studio/2022/Professional/MSBuild/Current/Bin/amd64/MSBuild.exe cmTC_a5e8a.vcxproj /p:Configuration=Debug /p:Platform=Win32 /p:VisualStudioVersion=17.0 /v:m && Microsoft (R) Build Engine version 17.1.0+ae57d105c for .NET Framework
Copyright (C) Microsoft Corporation. All rights reserved.

  Microsoft (R) C/C++ Optimizing Compiler Version 19.31.31107 for x86
  CurlTests.c
C:\dev\3rdParty\libcurl\7.81.0\CMake\CurlTests.c(343,33): error C2065: 'FIONBIO': undeclared identifier [C:\dev\3rdParty\libcurl\7.81.0\build\CMakeFiles\CMakeTmp\cmTC_a5e8a.vcxproj]
  Copyright (C) Microsoft Corporation.  All rights reserved.
  cl /c /Zi /W1 /WX- /diagnostics:column /Od /Ob0 /Oy- /D _MBCS /D WIN32 /D _WINDOWS /D HAVE_IOCTL_FIONBIO /D HAVE_LIBSSH2_H /D HAVE_WINDOWS_H /D HAVE_WS2TCPIP_H /D HAVE_WINSOCK2_H /D HAVE_WINCRYPT_H /D HAVE_STDIO_H /D HAVE_SYS_STAT_H /D HAVE_SYS_TYPES_H /D HAVE_SYS_UTIME_H /D HAVE_ASSERT_H /D HAVE_ERRNO_H /D HAVE_FCNTL_H /D HAVE_IO_H /D HAVE_LOCALE_H /D HAVE_SETJMP_H /D HAVE_SIGNAL_H /D HAVE_STDBOOL_H /D HAVE_STDLIB_H /D HAVE_STRING_H /D HAVE_TIME_H /D HAVE_PROCESS_H /D HAVE_STDDEF_H /D HAVE_MALLOC_H /D HAVE_MEMORY_H /D "CMAKE_INTDIR=\"Debug\"" /Gm- /RTC1 /MDd /GS /fp:precise /Zc:wchar_t /Zc:forScope /Zc:inline /Fo"cmTC_a5e8a.dir\Debug\\" /Fd"cmTC_a5e8a.dir\Debug\vc143.pdb" /external:W1 /Gd /TC /analyze- /errorReport:queue C:\dev\3rdParty\libcurl\7.81.0\CMake\CurlTests.c


Performing Curl Test HAVE_IOCTL_SIOCGIFADDR failed with the following output:
Change Dir: C:/dev/3rdParty/libcurl/7.81.0/build/CMakeFiles/CMakeTmp

Run Build Command(s):C:/Program Files/Microsoft Visual Studio/2022/Professional/MSBuild/Current/Bin/amd64/MSBuild.exe cmTC_ec392.vcxproj /p:Configuration=Debug /p:Platform=Win32 /p:VisualStudioVersion=17.0 /v:m && Microsoft (R) Build Engine version 17.1.0+ae57d105c for .NET Framework
Copyright (C) Microsoft Corporation. All rights reserved.

  Microsoft (R) C/C++ Optimizing Compiler Version 19.31.31107 for x86
  CurlTests.c
C:\dev\3rdParty\libcurl\7.81.0\CMake\CurlTests.c(368,10): fatal error C1083: Cannot open include file: 'net/if.h': No such file or directory [C:\dev\3rdParty\libcurl\7.81.0\build\CMakeFiles\CMakeTmp\cmTC_ec392.vcxproj]
  Copyright (C) Microsoft Corporation.  All rights reserved.
  cl /c /Zi /W1 /WX- /diagnostics:column /Od /Ob0 /Oy- /D _MBCS /D WIN32 /D _WINDOWS /D HAVE_IOCTL_SIOCGIFADDR /D HAVE_LIBSSH2_H /D HAVE_WINDOWS_H /D HAVE_WS2TCPIP_H /D HAVE_WINSOCK2_H /D HAVE_WINCRYPT_H /D HAVE_STDIO_H /D HAVE_SYS_STAT_H /D HAVE_SYS_TYPES_H /D HAVE_SYS_UTIME_H /D HAVE_ASSERT_H /D HAVE_ERRNO_H /D HAVE_FCNTL_H /D HAVE_IO_H /D HAVE_LOCALE_H /D HAVE_SETJMP_H /D HAVE_SIGNAL_H /D HAVE_STDBOOL_H /D HAVE_STDLIB_H /D HAVE_STRING_H /D HAVE_TIME_H /D HAVE_PROCESS_H /D HAVE_STDDEF_H /D HAVE_MALLOC_H /D HAVE_MEMORY_H /D "CMAKE_INTDIR=\"Debug\"" /Gm- /RTC1 /MDd /GS /fp:precise /Zc:wchar_t /Zc:forScope /Zc:inline /Fo"cmTC_ec392.dir\Debug\\" /Fd"cmTC_ec392.dir\Debug\vc143.pdb" /external:W1 /Gd /TC /analyze- /errorReport:queue C:\dev\3rdParty\libcurl\7.81.0\CMake\CurlTests.c


Performing Curl Test HAVE_SETSOCKOPT_SO_NONBLOCK failed with the following output:
Change Dir: C:/dev/3rdParty/libcurl/7.81.0/build/CMakeFiles/CMakeTmp

Run Build Command(s):C:/Program Files/Microsoft Visual Studio/2022/Professional/MSBuild/Current/Bin/amd64/MSBuild.exe cmTC_f530c.vcxproj /p:Configuration=Debug /p:Platform=Win32 /p:VisualStudioVersion=17.0 /v:m && Microsoft (R) Build Engine version 17.1.0+ae57d105c for .NET Framework
Copyright (C) Microsoft Corporation. All rights reserved.

  Microsoft (R) C/C++ Optimizing Compiler Version 19.31.31107 for x86
  CurlTests.c
  Copyright (C) Microsoft Corporation.  All rights reserved.
  cl /c /Zi /W1 /WX- /diagnostics:column /Od /Ob0 /Oy- /D _MBCS /D WIN32 /D _WINDOWS /D HAVE_SETSOCKOPT_SO_NONBLOCK /D HAVE_LIBSSH2_H /D HAVE_WINDOWS_H /D HAVE_WS2TCPIP_H /D HAVE_WINSOCK2_H /D HAVE_WINCRYPT_H /D HAVE_STDIO_H /D HAVE_SYS_STAT_H /D HAVE_SYS_TYPES_H /D HAVE_SYS_UTIME_H /D HAVE_ASSERT_H /D HAVE_ERRNO_H /D HAVE_FCNTL_H /D HAVE_IO_H /D HAVE_LOCALE_H /D HAVE_SETJMP_H /D HAVE_SIGNAL_H /D HAVE_STDBOOL_H /D HAVE_STDLIB_H /D HAVE_STRING_H /D HAVE_TIME_H /D HAVE_PROCESS_H /D HAVE_STDDEF_H /D HAVE_MALLOC_H /D HAVE_MEMORY_H /D "CMAKE_INTDIR=\"Debug\"" /Gm- /RTC1 /MDd /GS /fp:precise /Zc:wchar_t /Zc:forScope /Zc:inline /Fo"cmTC_f530c.dir\Debug\\" /Fd"cmTC_f530c.dir\Debug\vc143.pdb" /external:W1 /Gd /TC /analyze- /errorReport:queue C:\dev\3rdParty\libcurl\7.81.0\CMake\CurlTests.c
C:\dev\3rdParty\libcurl\7.81.0\CMake\CurlTests.c(404,54): error C2065: 'SO_NONBLOCK': undeclared identifier [C:\dev\3rdParty\libcurl\7.81.0\build\CMakeFiles\CMakeTmp\cmTC_f530c.vcxproj]


Performing Curl Test HAVE_SOCKADDR_IN6_SIN6_SCOPE_ID failed with the following output:
Change Dir: C:/dev/3rdParty/libcurl/7.81.0/build/CMakeFiles/CMakeTmp

Run Build Command(s):C:/Program Files/Microsoft Visual Studio/2022/Professional/MSBuild/Current/Bin/amd64/MSBuild.exe cmTC_28692.vcxproj /p:Configuration=Debug /p:Platform=Win32 /p:VisualStudioVersion=17.0 /v:m && Microsoft (R) Build Engine version 17.1.0+ae57d105c for .NET Framework
Copyright (C) Microsoft Corporation. All rights reserved.

  Microsoft (R) C/C++ Optimizing Compiler Version 19.31.31107 for x86
  CurlTests.c
  Copyright (C) Microsoft Corporation.  All rights reserved.
  cl /c /Zi /W1 /WX- /diagnostics:column /Od /Ob0 /Oy- /D _MBCS /D WIN32 /D _WINDOWS /D HAVE_SOCKADDR_IN6_SIN6_SCOPE_ID /D HAVE_LIBSSH2_H /D HAVE_WINDOWS_H /D HAVE_WS2TCPIP_H /D HAVE_WINSOCK2_H /D HAVE_WINCRYPT_H /D HAVE_STDIO_H /D HAVE_SYS_STAT_H /D HAVE_SYS_TYPES_H /D HAVE_SYS_UTIME_H /D HAVE_ASSERT_H /D HAVE_ERRNO_H /D HAVE_FCNTL_H /D HAVE_IO_H /D HAVE_LOCALE_H /D HAVE_SETJMP_H /D HAVE_SIGNAL_H /D HAVE_STDBOOL_H /D HAVE_STDLIB_H /D HAVE_STRING_H /D HAVE_TIME_H /D HAVE_PROCESS_H /D HAVE_STDDEF_H /D HAVE_MALLOC_H /D HAVE_MEMORY_H /D "CMAKE_INTDIR=\"Debug\"" /Gm- /RTC1 /MDd /GS /fp:precise /Zc:wchar_t /Zc:forScope /Zc:inline /Fo"cmTC_28692.dir\Debug\\" /Fd"cmTC_28692.dir\Debug\vc143.pdb" /external:W1 /Gd /TC /analyze- /errorReport:queue C:\dev\3rdParty\libcurl\7.81.0\CMake\CurlTests.c
MSVCRTD.lib(exe_main.obj) : error LNK2019: unresolved external symbol _main referenced in function "int __cdecl invoke_main(void)" (?invoke_main@@YAHXZ) [C:\dev\3rdParty\libcurl\7.81.0\build\CMakeFiles\CMakeTmp\cmTC_28692.vcxproj]
C:\dev\3rdParty\libcurl\7.81.0\build\CMakeFiles\CMakeTmp\Debug\cmTC_28692.exe : fatal error LNK1120: 1 unresolved externals [C:\dev\3rdParty\libcurl\7.81.0\build\CMakeFiles\CMakeTmp\cmTC_28692.vcxproj]


Performing Curl Test HAVE_FILE_OFFSET_BITS failed with the following output:
Change Dir: C:/dev/3rdParty/libcurl/7.81.0/build/CMakeFiles/CMakeTmp

Run Build Command(s):C:/Program Files/Microsoft Visual Studio/2022/Professional/MSBuild/Current/Bin/amd64/MSBuild.exe cmTC_d4502.vcxproj /p:Configuration=Debug /p:Platform=Win32 /p:VisualStudioVersion=17.0 /v:m && Microsoft (R) Build Engine version 17.1.0+ae57d105c for .NET Framework
Copyright (C) Microsoft Corporation. All rights reserved.

  Microsoft (R) C/C++ Optimizing Compiler Version 19.31.31107 for x86
  Copyright (C) Microsoft Corporation.  All rights reserved.
  CurlTests.c
C:\dev\3rdParty\libcurl\7.81.0\CMake\CurlTests.c(218,23): warning C4293: '<<': shift count negative or too big, undefined behavior [C:\dev\3rdParty\libcurl\7.81.0\build\CMakeFiles\CMakeTmp\cmTC_d4502.vcxproj]
C:\dev\3rdParty\libcurl\7.81.0\CMake\CurlTests.c(219,27): warning C4293: '<<': shift count negative or too big, undefined behavior [C:\dev\3rdParty\libcurl\7.81.0\build\CMakeFiles\CMakeTmp\cmTC_d4502.vcxproj]
C:\dev\3rdParty\libcurl\7.81.0\CMake\CurlTests.c(220,31): error C2118: negative subscript [C:\dev\3rdParty\libcurl\7.81.0\build\CMakeFiles\CMakeTmp\cmTC_d4502.vcxproj]
  cl /c /Zi /W1 /WX- /diagnostics:column /Od /Ob0 /Oy- /D _MBCS /D WIN32 /D _WINDOWS /D HAVE_FILE_OFFSET_BITS /D HAVE_LIBSSH2_H /D HAVE_WINDOWS_H /D HAVE_WS2TCPIP_H /D HAVE_WINSOCK2_H /D HAVE_WINCRYPT_H /D HAVE_STDIO_H /D HAVE_SYS_STAT_H /D HAVE_SYS_TYPES_H /D HAVE_SYS_UTIME_H /D HAVE_ASSERT_H /D HAVE_ERRNO_H /D HAVE_FCNTL_H /D HAVE_IO_H /D HAVE_LOCALE_H /D HAVE_SETJMP_H /D HAVE_SIGNAL_H /D HAVE_STDBOOL_H /D HAVE_STDLIB_H /D HAVE_STRING_H /D HAVE_TIME_H /D HAVE_PROCESS_H /D HAVE_STDDEF_H /D HAVE_MALLOC_H /D HAVE_MEMORY_H /D "CMAKE_INTDIR=\"Debug\"" /Gm- /RTC1 /MDd /GS /fp:precise /Zc:wchar_t /Zc:forScope /Zc:inline /Fo"cmTC_d4502.dir\Debug\\" /Fd"cmTC_d4502.dir\Debug\vc143.pdb" /external:W1 /Gd /TC /analyze- /errorReport:queue C:\dev\3rdParty\libcurl\7.81.0\CMake\CurlTests.c


Performing Curl Test HAVE_VARIADIC_MACROS_GCC failed with the following output:
Change Dir: C:/dev/3rdParty/libcurl/7.81.0/build/CMakeFiles/CMakeTmp

Run Build Command(s):C:/Program Files/Microsoft Visual Studio/2022/Professional/MSBuild/Current/Bin/amd64/MSBuild.exe cmTC_78085.vcxproj /p:Configuration=Debug /p:Platform=Win32 /p:VisualStudioVersion=17.0 /v:m && Microsoft (R) Build Engine version 17.1.0+ae57d105c for .NET Framework
Copyright (C) Microsoft Corporation. All rights reserved.

  Microsoft (R) C/C++ Optimizing Compiler Version 19.31.31107 for x86
  Copyright (C) Microsoft Corporation.  All rights reserved.
  CurlTests.c
C:\dev\3rdParty\libcurl\7.81.0\CMake\CurlTests.c(495,1): error C2010: '.': unexpected in macro parameter list [C:\dev\3rdParty\libcurl\7.81.0\build\CMakeFiles\CMakeTmp\cmTC_78085.vcxproj]
C:\dev\3rdParty\libcurl\7.81.0\CMake\CurlTests.c(496,1): error C2010: '.': unexpected in macro parameter list [C:\dev\3rdParty\libcurl\7.81.0\build\CMakeFiles\CMakeTmp\cmTC_78085.vcxproj]
  cl /c /Zi /W1 /WX- /diagnostics:column /Od /Ob0 /Oy- /D _MBCS /D WIN32 /D _WINDOWS /D HAVE_VARIADIC_MACROS_GCC /D HAVE_LIBSSH2_H /D HAVE_WINDOWS_H /D HAVE_WS2TCPIP_H /D HAVE_WINSOCK2_H /D HAVE_WINCRYPT_H /D HAVE_STDIO_H /D HAVE_SYS_STAT_H /D HAVE_SYS_TYPES_H /D HAVE_SYS_UTIME_H /D HAVE_ASSERT_H /D HAVE_ERRNO_H /D HAVE_FCNTL_H /D HAVE_IO_H /D HAVE_LOCALE_H /D HAVE_SETJMP_H /D HAVE_SIGNAL_H /D HAVE_STDBOOL_H /D HAVE_STDLIB_H /D HAVE_STRING_H /D HAVE_TIME_H /D HAVE_PROCESS_H /D HAVE_STDDEF_H /D HAVE_MALLOC_H /D HAVE_MEMORY_H /D "CMAKE_INTDIR=\"Debug\"" /Gm- /RTC1 /MDd /GS /fp:precise /Zc:wchar_t /Zc:forScope /Zc:inline /Fo"cmTC_78085.dir\Debug\\" /Fd"cmTC_78085.dir\Debug\vc143.pdb" /external:W1 /Gd /TC /analyze- /errorReport:queue C:\dev\3rdParty\libcurl\7.81.0\CMake\CurlTests.c


Performing Curl Test HAVE_GLIBC_STRERROR_R failed with the following output:
Change Dir: C:/dev/3rdParty/libcurl/7.81.0/build/CMakeFiles/CMakeTmp

Run Build Command(s):C:/Program Files/Microsoft Visual Studio/2022/Professional/MSBuild/Current/Bin/amd64/MSBuild.exe cmTC_b62ce.vcxproj /p:Configuration=Debug /p:Platform=Win32 /p:VisualStudioVersion=17.0 /v:m && Microsoft (R) Build Engine version 17.1.0+ae57d105c for .NET Framework
Copyright (C) Microsoft Corporation. All rights reserved.

  Microsoft (R) C/C++ Optimizing Compiler Version 19.31.31107 for x86
  Copyright (C) Microsoft Corporation.  All rights reserved.
  CurlTests.c
C:\dev\3rdParty\libcurl\7.81.0\CMake\CurlTests.c(420,53): error C2109: subscript requires array or pointer type [C:\dev\3rdParty\libcurl\7.81.0\build\CMakeFiles\CMakeTmp\cmTC_b62ce.vcxproj]
C:\dev\3rdParty\libcurl\7.81.0\CMake\CurlTests.c(420,8): error C2198: 'check': too few arguments for call [C:\dev\3rdParty\libcurl\7.81.0\build\CMakeFiles\CMakeTmp\cmTC_b62ce.vcxproj]
  cl /c /Zi /W1 /WX- /diagnostics:column /Od /Ob0 /Oy- /D _MBCS /D WIN32 /D _WINDOWS /D HAVE_GLIBC_STRERROR_R /D HAVE_LIBSSH2_H /D HAVE_WINDOWS_H /D HAVE_WS2TCPIP_H /D HAVE_WINSOCK2_H /D HAVE_WINCRYPT_H /D HAVE_STDIO_H /D HAVE_SYS_STAT_H /D HAVE_SYS_TYPES_H /D HAVE_SYS_UTIME_H /D HAVE_ASSERT_H /D HAVE_ERRNO_H /D HAVE_FCNTL_H /D HAVE_IO_H /D HAVE_LOCALE_H /D HAVE_SETJMP_H /D HAVE_SIGNAL_H /D HAVE_STDBOOL_H /D HAVE_STDLIB_H /D HAVE_STRING_H /D HAVE_TIME_H /D HAVE_PROCESS_H /D HAVE_STDDEF_H /D HAVE_MALLOC_H /D HAVE_MEMORY_H /D "CMAKE_INTDIR=\"Debug\"" /Gm- /RTC1 /MDd /GS /fp:precise /Zc:wchar_t /Zc:forScope /Zc:inline /Fo"cmTC_b62ce.dir\Debug\\" /Fd"cmTC_b62ce.dir\Debug\vc143.pdb" /external:W1 /Gd /TC /analyze- /errorReport:queue C:\dev\3rdParty\libcurl\7.81.0\CMake\CurlTests.c


Performing Curl Test HAVE_POSIX_STRERROR_R failed with the following output:
Change Dir: C:/dev/3rdParty/libcurl/7.81.0/build/CMakeFiles/CMakeTmp

Run Build Command(s):C:/Program Files/Microsoft Visual Studio/2022/Professional/MSBuild/Current/Bin/amd64/MSBuild.exe cmTC_61cf6.vcxproj /p:Configuration=Debug /p:Platform=Win32 /p:VisualStudioVersion=17.0 /v:m && Microsoft (R) Build Engine version 17.1.0+ae57d105c for .NET Framework
Copyright (C) Microsoft Corporation. All rights reserved.

  Microsoft (R) C/C++ Optimizing Compiler Version 19.31.31107 for x86
  CurlTests.c
  Copyright (C) Microsoft Corporation.  All rights reserved.
  cl /c /Zi /W1 /WX- /diagnostics:column /Od /Ob0 /Oy- /D _MBCS /D WIN32 /D _WINDOWS /D HAVE_POSIX_STRERROR_R /D HAVE_LIBSSH2_H /D HAVE_WINDOWS_H /D HAVE_WS2TCPIP_H /D HAVE_WINSOCK2_H /D HAVE_WINCRYPT_H /D HAVE_STDIO_H /D HAVE_SYS_STAT_H /D HAVE_SYS_TYPES_H /D HAVE_SYS_UTIME_H /D HAVE_ASSERT_H /D HAVE_ERRNO_H /D HAVE_FCNTL_H /D HAVE_IO_H /D HAVE_LOCALE_H /D HAVE_SETJMP_H /D HAVE_SIGNAL_H /D HAVE_STDBOOL_H /D HAVE_STDLIB_H /D HAVE_STRING_H /D HAVE_TIME_H /D HAVE_PROCESS_H /D HAVE_STDDEF_H /D HAVE_MALLOC_H /D HAVE_MEMORY_H /D "CMAKE_INTDIR=\"Debug\"" /Gm- /RTC1 /MDd /GS /fp:precise /Zc:wchar_t /Zc:forScope /Zc:inline /Fo"cmTC_61cf6.dir\Debug\\" /Fd"cmTC_61cf6.dir\Debug\vc143.pdb" /external:W1 /Gd /TC /analyze- /errorReport:queue C:\dev\3rdParty\libcurl\7.81.0\CMake\CurlTests.c
CurlTests.obj : error LNK2019: unresolved external symbol _strerror_r referenced in function _main [C:\dev\3rdParty\libcurl\7.81.0\build\CMakeFiles\CMakeTmp\cmTC_61cf6.vcxproj]
C:\dev\3rdParty\libcurl\7.81.0\build\CMakeFiles\CMakeTmp\Debug\cmTC_61cf6.exe : fatal error LNK1120: 1 unresolved externals [C:\dev\3rdParty\libcurl\7.81.0\build\CMakeFiles\CMakeTmp\cmTC_61cf6.vcxproj]


Performing Curl Test HAVE_CLOCK_GETTIME_MONOTONIC failed with the following output:
Change Dir: C:/dev/3rdParty/libcurl/7.81.0/build/CMakeFiles/CMakeTmp

Run Build Command(s):C:/Program Files/Microsoft Visual Studio/2022/Professional/MSBuild/Current/Bin/amd64/MSBuild.exe cmTC_00d1b.vcxproj /p:Configuration=Debug /p:Platform=Win32 /p:VisualStudioVersion=17.0 /v:m && Microsoft (R) Build Engine version 17.1.0+ae57d105c for .NET Framework
Copyright (C) Microsoft Corporation. All rights reserved.

  Microsoft (R) C/C++ Optimizing Compiler Version 19.31.31107 for x86
  Copyright (C) Microsoft Corporation.  All rights reserved.
  CurlTests.c
C:\dev\3rdParty\libcurl\7.81.0\CMake\CurlTests.c(460,32): error C2065: 'CLOCK_MONOTONIC': undeclared identifier [C:\dev\3rdParty\libcurl\7.81.0\build\CMakeFiles\CMakeTmp\cmTC_00d1b.vcxproj]
  cl /c /Zi /W1 /WX- /diagnostics:column /Od /Ob0 /Oy- /D _MBCS /D WIN32 /D _WINDOWS /D HAVE_CLOCK_GETTIME_MONOTONIC /D HAVE_LIBSSH2_H /D HAVE_WINDOWS_H /D HAVE_WS2TCPIP_H /D HAVE_WINSOCK2_H /D HAVE_WINCRYPT_H /D HAVE_STDIO_H /D HAVE_SYS_STAT_H /D HAVE_SYS_TYPES_H /D HAVE_SYS_UTIME_H /D HAVE_ASSERT_H /D HAVE_ERRNO_H /D HAVE_FCNTL_H /D HAVE_IO_H /D HAVE_LOCALE_H /D HAVE_SETJMP_H /D HAVE_SIGNAL_H /D HAVE_STDBOOL_H /D HAVE_STDLIB_H /D HAVE_STRING_H /D HAVE_TIME_H /D HAVE_PROCESS_H /D HAVE_STDDEF_H /D HAVE_MALLOC_H /D HAVE_MEMORY_H /D "CMAKE_INTDIR=\"Debug\"" /Gm- /RTC1 /MDd /GS /fp:precise /Zc:wchar_t /Zc:forScope /Zc:inline /Fo"cmTC_00d1b.dir\Debug\\" /Fd"cmTC_00d1b.dir\Debug\vc143.pdb" /external:W1 /Gd /TC /analyze- /errorReport:queue C:\dev\3rdParty\libcurl\7.81.0\CMake\CurlTests.c


Performing Curl Test HAVE_BUILTIN_AVAILABLE failed with the following output:
Change Dir: C:/dev/3rdParty/libcurl/7.81.0/build/CMakeFiles/CMakeTmp

Run Build Command(s):C:/Program Files/Microsoft Visual Studio/2022/Professional/MSBuild/Current/Bin/amd64/MSBuild.exe cmTC_280a3.vcxproj /p:Configuration=Debug /p:Platform=Win32 /p:VisualStudioVersion=17.0 /v:m && Microsoft (R) Build Engine version 17.1.0+ae57d105c for .NET Framework
Copyright (C) Microsoft Corporation. All rights reserved.

  Microsoft (R) C/C++ Optimizing Compiler Version 19.31.31107 for x86
  CurlTests.c
C:\dev\3rdParty\libcurl\7.81.0\CMake\CurlTests.c(467,32): error C2065: 'macOS': undeclared identifier [C:\dev\3rdParty\libcurl\7.81.0\build\CMakeFiles\CMakeTmp\cmTC_280a3.vcxproj]
C:\dev\3rdParty\libcurl\7.81.0\CMake\CurlTests.c(467,32): error C2143: syntax error: missing ')' before 'constant' [C:\dev\3rdParty\libcurl\7.81.0\build\CMakeFiles\CMakeTmp\cmTC_280a3.vcxproj]
C:\dev\3rdParty\libcurl\7.81.0\CMake\CurlTests.c(467,40): error C2059: syntax error: ')' [C:\dev\3rdParty\libcurl\7.81.0\build\CMakeFiles\CMakeTmp\cmTC_280a3.vcxproj]
C:\dev\3rdParty\libcurl\7.81.0\CMake\CurlTests.c(467,41): error C2059: syntax error: ')' [C:\dev\3rdParty\libcurl\7.81.0\build\CMakeFiles\CMakeTmp\cmTC_280a3.vcxproj]
  Copyright (C) Microsoft Corporation.  All rights reserved.
  cl /c /Zi /W1 /WX- /diagnostics:column /Od /Ob0 /Oy- /D _MBCS /D WIN32 /D _WINDOWS /D HAVE_BUILTIN_AVAILABLE /D HAVE_LIBSSH2_H /D HAVE_WINDOWS_H /D HAVE_WS2TCPIP_H /D HAVE_WINSOCK2_H /D HAVE_WINCRYPT_H /D HAVE_STDIO_H /D HAVE_SYS_STAT_H /D HAVE_SYS_TYPES_H /D HAVE_SYS_UTIME_H /D HAVE_ASSERT_H /D HAVE_ERRNO_H /D HAVE_FCNTL_H /D HAVE_IO_H /D HAVE_LOCALE_H /D HAVE_SETJMP_H /D HAVE_SIGNAL_H /D HAVE_STDBOOL_H /D HAVE_STDLIB_H /D HAVE_STRING_H /D HAVE_TIME_H /D HAVE_PROCESS_H /D HAVE_STDDEF_H /D HAVE_MALLOC_H /D HAVE_MEMORY_H /D "CMAKE_INTDIR=\"Debug\"" /Gm- /RTC1 /MDd /GS /fp:precise /Zc:wchar_t /Zc:forScope /Zc:inline /Fo"cmTC_280a3.dir\Debug\\" /Fd"cmTC_280a3.dir\Debug\vc143.pdb" /external:W1 /Gd /TC /analyze- /errorReport:queue C:\dev\3rdParty\libcurl\7.81.0\CMake\CurlTests.c


Performing C SOURCE FILE Test HAVE_MSG_NOSIGNAL failed with the following output:
Change Dir: C:/dev/3rdParty/libcurl/7.81.0/build/CMakeFiles/CMakeTmp

Run Build Command(s):C:/Program Files/Microsoft Visual Studio/2022/Professional/MSBuild/Current/Bin/amd64/MSBuild.exe cmTC_614f2.vcxproj /p:Configuration=Debug /p:Platform=Win32 /p:VisualStudioVersion=17.0 /v:m && Microsoft (R) Build Engine version 17.1.0+ae57d105c for .NET Framework
Copyright (C) Microsoft Corporation. All rights reserved.

  Microsoft (R) C/C++ Optimizing Compiler Version 19.31.31107 for x86
  src.c
  Copyright (C) Microsoft Corporation.  All rights reserved.
  cl /c /IC:\dev\3rdParty\libcurl\7.81.0\include /Zi /W1 /WX- /diagnostics:column /Od /Ob0 /Oy- /D _MBCS /D WIN32 /D _WINDOWS /D _WIN32_WINNT=0x0600 /D _WINSOCKAPI_= /D HAVE_MSG_NOSIGNAL /D "CMAKE_INTDIR=\"Debug\"" /Gm- /RTC1 /MDd /GS /fp:precise /Zc:wchar_t /Zc:forScope /Zc:inline /Fo"cmTC_614f2.dir\Debug\\" /Fd"C:\dev\3rdParty\libcurl\7.81.0\build\CMakeFiles\CMakeTmp\Debug\cmTC_614f2.pdb" /external:W1 /Gd /TC /analyze- /errorReport:queue C:\dev\3rdParty\libcurl\7.81.0\build\CMakeFiles\CMakeTmp\src.c
C:\dev\3rdParty\libcurl\7.81.0\build\CMakeFiles\CMakeTmp\src.c(8,28): error C2065: 'MSG_NOSIGNAL': undeclared identifier [C:\dev\3rdParty\libcurl\7.81.0\build\CMakeFiles\CMakeTmp\cmTC_614f2.vcxproj]


Source file was:
#undef inline
#include <winsock2.h>
#include <windows.h>
#ifndef WIN32_LEAN_AND_MEAN
#define WIN32_LEAN_AND_MEAN
#endif
  int main(void) {
    int flag = MSG_NOSIGNAL;
    (void)flag;
    return 0;
  }
Performing C SOURCE FILE Test HAVE_POLL_FINE failed with the following compile output:
Change Dir: C:/dev/3rdParty/libcurl/7.81.0/build/CMakeFiles/CMakeTmp

Run Build Command(s):C:/Program Files/Microsoft Visual Studio/2022/Professional/MSBuild/Current/Bin/amd64/MSBuild.exe cmTC_f7831.vcxproj /p:Configuration=Debug /p:Platform=Win32 /p:VisualStudioVersion=17.0 /v:m && Microsoft (R) Build Engine version 17.1.0+ae57d105c for .NET Framework
Copyright (C) Microsoft Corporation. All rights reserved.

  Microsoft (R) C/C++ Optimizing Compiler Version 19.31.31107 for x86
  src.c
C:\dev\3rdParty\libcurl\7.81.0\build\CMakeFiles\CMakeTmp\src.c(3,14): fatal error C1083: Cannot open include file: 'sys/time.h': No such file or directory [C:\dev\3rdParty\libcurl\7.81.0\build\CMakeFiles\CMakeTmp\cmTC_f7831.vcxproj]
  Copyright (C) Microsoft Corporation.  All rights reserved.
  cl /c /IC:\dev\3rdParty\libcurl\7.81.0\include /Zi /W1 /WX- /diagnostics:column /Od /Ob0 /Oy- /D _MBCS /D WIN32 /D _WINDOWS /D _WIN32_WINNT=0x0600 /D _WINSOCKAPI_= /D HAVE_POLL_FINE /D "CMAKE_INTDIR=\"Debug\"" /Gm- /RTC1 /MDd /GS /fp:precise /Zc:wchar_t /Zc:forScope /Zc:inline /Fo"cmTC_f7831.dir\Debug\\" /Fd"cmTC_f7831.dir\Debug\vc143.pdb" /external:W1 /Gd /TC /analyze- /errorReport:queue C:\dev\3rdParty\libcurl\7.81.0\build\CMakeFiles\CMakeTmp\src.c


...and run output:

Return value: 1
Source file was:

    #include <stdlib.h>
    #include <sys/time.h>

    #ifdef HAVE_SYS_POLL_H
    #  include <sys/poll.h>
    #elif  HAVE_POLL_H
    #  include <poll.h>
    #endif

    int main(void)
    {
        if(0 != poll(0, 0, 10)) {
          return 1; /* fail */
        }
        else {
          /* detect the 10.12 poll() breakage */
          struct timeval before, after;
          int rc;
          size_t us;

          gettimeofday(&before, NULL);
          rc = poll(NULL, 0, 500);
          gettimeofday(&after, NULL);

          us = (after.tv_sec - before.tv_sec) * 1000000 +
            (after.tv_usec - before.tv_usec);

          if(us < 400000) {
            return 1;
          }
        }
        return 0;
    }
